{"/Users/weiyangzhang/SecurityTestWS/vulApp/app.js": {"path":"/Users/weiyangzhang/SecurityTestWS/vulApp/app.js","statementMap":{"0":{"start":{"line":1,"column":0},"end":{"line":1,"column":27}},"1":{"start":{"line":3,"column":16},"end":{"line":3,"column":34}},"2":{"start":{"line":4,"column":13},"end":{"line":4,"column":28}},"3":{"start":{"line":5,"column":11},"end":{"line":5,"column":24}},"4":{"start":{"line":6,"column":12},"end":{"line":6,"column":37}},"5":{"start":{"line":7,"column":12},"end":{"line":7,"column":21}},"6":{"start":{"line":9,"column":15},"end":{"line":9,"column":34}},"7":{"start":{"line":10,"column":23},"end":{"line":10,"column":51}},"8":{"start":{"line":11,"column":23},"end":{"line":11,"column":52}},"9":{"start":{"line":12,"column":27},"end":{"line":12,"column":54}},"10":{"start":{"line":13,"column":15},"end":{"line":13,"column":39}},"11":{"start":{"line":17,"column":16},"end":{"line":17,"column":52}},"12":{"start":{"line":18,"column":15},"end":{"line":22,"column":25}},"13":{"start":{"line":24,"column":14},"end":{"line":24,"column":59}},"14":{"start":{"line":25,"column":2},"end":{"line":25,"column":30}},"15":{"start":{"line":28,"column":13},"end":{"line":28,"column":37}},"16":{"start":{"line":30,"column":0},"end":{"line":30,"column":30}},"17":{"start":{"line":31,"column":0},"end":{"line":31,"column":53}},"18":{"start":{"line":33,"column":16},"end":{"line":33,"column":42}},"19":{"start":{"line":34,"column":0},"end":{"line":39,"column":4}},"20":{"start":{"line":41,"column":0},"end":{"line":41,"column":48}},"21":{"start":{"line":42,"column":0},"end":{"line":42,"column":24}},"22":{"start":{"line":43,"column":0},"end":{"line":43,"column":30}},"23":{"start":{"line":44,"column":0},"end":{"line":44,"column":50}},"24":{"start":{"line":46,"column":23},"end":{"line":46,"column":53}},"25":{"start":{"line":47,"column":0},"end":{"line":47,"column":24}},"26":{"start":{"line":48,"column":0},"end":{"line":48,"column":28}},"27":{"start":{"line":50,"column":0},"end":{"line":50,"column":56}},"28":{"start":{"line":53,"column":0},"end":{"line":77,"column":3}},"29":{"start":{"line":54,"column":21},"end":{"line":54,"column":41}},"30":{"start":{"line":56,"column":25},"end":{"line":56,"column":53}},"31":{"start":{"line":58,"column":2},"end":{"line":61,"column":3}},"32":{"start":{"line":59,"column":4},"end":{"line":59,"column":87}},"33":{"start":{"line":60,"column":4},"end":{"line":60,"column":11}},"34":{"start":{"line":63,"column":24},"end":{"line":63,"column":47}},"35":{"start":{"line":65,"column":18},"end":{"line":65,"column":43}},"36":{"start":{"line":67,"column":2},"end":{"line":70,"column":3}},"37":{"start":{"line":68,"column":4},"end":{"line":68,"column":83}},"38":{"start":{"line":69,"column":4},"end":{"line":69,"column":11}},"39":{"start":{"line":72,"column":22},"end":{"line":72,"column":74}},"40":{"start":{"line":74,"column":2},"end":{"line":74,"column":45}},"41":{"start":{"line":76,"column":2},"end":{"line":76,"column":134}},"42":{"start":{"line":80,"column":0},"end":{"line":80,"column":28}},"43":{"start":{"line":82,"column":0},"end":{"line":82,"column":24}},"44":{"start":{"line":86,"column":0},"end":{"line":90,"column":1}},"45":{"start":{"line":87,"column":2},"end":{"line":89,"column":5}},"46":{"start":{"line":88,"column":4},"end":{"line":88,"column":68}},"47":{"start":{"line":92,"column":0},"end":{"line":92,"column":21}}},"fnMap":{"0":{"name":"getControllerPath","decl":{"start":{"line":16,"column":9},"end":{"line":16,"column":26}},"loc":{"start":{"line":16,"column":38},"end":{"line":26,"column":1}},"line":16},"1":{"name":"(anonymous_1)","decl":{"start":{"line":53,"column":15},"end":{"line":53,"column":16}},"loc":{"start":{"line":53,"column":62},"end":{"line":77,"column":1}},"line":53},"2":{"name":"(anonymous_2)","decl":{"start":{"line":87,"column":19},"end":{"line":87,"column":20}},"loc":{"start":{"line":87,"column":25},"end":{"line":89,"column":3}},"line":87}},"branchMap":{"0":{"loc":{"start":{"line":18,"column":15},"end":{"line":22,"column":25}},"type":"cond-expr","locations":[{"start":{"line":19,"column":6},"end":{"line":19,"column":16}},{"start":{"line":20,"column":6},"end":{"line":22,"column":25}}],"line":18},"1":{"loc":{"start":{"line":20,"column":6},"end":{"line":22,"column":25}},"type":"cond-expr","locations":[{"start":{"line":21,"column":6},"end":{"line":21,"column":16}},{"start":{"line":22,"column":6},"end":{"line":22,"column":25}}],"line":20},"2":{"loc":{"start":{"line":28,"column":13},"end":{"line":28,"column":37}},"type":"binary-expr","locations":[{"start":{"line":28,"column":13},"end":{"line":28,"column":29}},{"start":{"line":28,"column":33},"end":{"line":28,"column":37}}],"line":28},"3":{"loc":{"start":{"line":31,"column":21},"end":{"line":31,"column":52}},"type":"binary-expr","locations":[{"start":{"line":31,"column":21},"end":{"line":31,"column":41}},{"start":{"line":31,"column":45},"end":{"line":31,"column":52}}],"line":31},"4":{"loc":{"start":{"line":58,"column":2},"end":{"line":61,"column":3}},"type":"if","locations":[{"start":{"line":58,"column":2},"end":{"line":61,"column":3}},{"start":{},"end":{}}],"line":58},"5":{"loc":{"start":{"line":67,"column":2},"end":{"line":70,"column":3}},"type":"if","locations":[{"start":{"line":67,"column":2},"end":{"line":70,"column":3}},{"start":{},"end":{}}],"line":67},"6":{"loc":{"start":{"line":72,"column":22},"end":{"line":72,"column":74}},"type":"cond-expr","locations":[{"start":{"line":72,"column":37},"end":{"line":72,"column":62}},{"start":{"line":72,"column":65},"end":{"line":72,"column":74}}],"line":72},"7":{"loc":{"start":{"line":86,"column":0},"end":{"line":90,"column":1}},"type":"if","locations":[{"start":{"line":86,"column":0},"end":{"line":90,"column":1}},{"start":{},"end":{}}],"line":86}},"s":{"0":1,"1":1,"2":1,"3":1,"4":1,"5":1,"6":1,"7":1,"8":1,"9":1,"10":1,"11":5,"12":5,"13":5,"14":5,"15":1,"16":1,"17":1,"18":1,"19":1,"20":1,"21":1,"22":1,"23":1,"24":1,"25":1,"26":1,"27":1,"28":1,"29":5,"30":5,"31":5,"32":0,"33":0,"34":5,"35":5,"36":5,"37":0,"38":0,"39":5,"40":5,"41":5,"42":1,"43":1,"44":1,"45":0,"46":0,"47":1},"f":{"0":5,"1":5,"2":0},"b":{"0":[1,4],"1":[1,3],"2":[1,0],"3":[1,0],"4":[0,5],"5":[0,5],"6":[0,5],"7":[0,1]},"_coverageSchema":"1a1c01bbd47fc00a2c39e90264f33305004495a9","hash":"5dd12c947e709aa8329b04f62648dabb0e19e22b"}
,"/Users/weiyangzhang/SecurityTestWS/vulApp/routes.js": {"path":"/Users/weiyangzhang/SecurityTestWS/vulApp/routes.js","statementMap":{"0":{"start":{"line":1,"column":0},"end":{"line":27,"column":2}}},"fnMap":{},"branchMap":{},"s":{"0":1},"f":{},"b":{},"_coverageSchema":"1a1c01bbd47fc00a2c39e90264f33305004495a9","hash":"baaedf93f355733005800f5968fefc6e38977c75"}
,"/Users/weiyangzhang/SecurityTestWS/vulApp/controllers/index.js": {"path":"/Users/weiyangzhang/SecurityTestWS/vulApp/controllers/index.js","statementMap":{"0":{"start":{"line":1,"column":21},"end":{"line":1,"column":47}},"1":{"start":{"line":3,"column":12},"end":{"line":5,"column":1}},"2":{"start":{"line":4,"column":2},"end":{"line":4,"column":29}},"3":{"start":{"line":7,"column":0},"end":{"line":7,"column":25}}},"fnMap":{"0":{"name":"(anonymous_0)","decl":{"start":{"line":3,"column":12},"end":{"line":3,"column":13}},"loc":{"start":{"line":3,"column":26},"end":{"line":5,"column":1}},"line":3}},"branchMap":{},"s":{"0":1,"1":1,"2":1,"3":1},"f":{"0":1},"b":{},"_coverageSchema":"1a1c01bbd47fc00a2c39e90264f33305004495a9","hash":"4f123c66ce66e7c0af463a3f7a727e502598a873"}
,"/Users/weiyangzhang/SecurityTestWS/vulApp/controllers/account/index.js": {"path":"/Users/weiyangzhang/SecurityTestWS/vulApp/controllers/account/index.js","statementMap":{"0":{"start":{"line":1,"column":12},"end":{"line":7,"column":1}},"1":{"start":{"line":2,"column":2},"end":{"line":6,"column":5}},"2":{"start":{"line":9,"column":13},"end":{"line":11,"column":1}},"3":{"start":{"line":10,"column":2},"end":{"line":10,"column":42}},"4":{"start":{"line":13,"column":0},"end":{"line":16,"column":2}}},"fnMap":{"0":{"name":"(anonymous_0)","decl":{"start":{"line":1,"column":12},"end":{"line":1,"column":13}},"loc":{"start":{"line":1,"column":26},"end":{"line":7,"column":1}},"line":1},"1":{"name":"(anonymous_1)","decl":{"start":{"line":9,"column":13},"end":{"line":9,"column":14}},"loc":{"start":{"line":9,"column":27},"end":{"line":11,"column":1}},"line":9}},"branchMap":{},"s":{"0":1,"1":1,"2":1,"3":0,"4":1},"f":{"0":1,"1":0},"b":{},"_coverageSchema":"1a1c01bbd47fc00a2c39e90264f33305004495a9","hash":"097b1257544504224f3ace60f1bacd213f524d3f"}
,"/Users/weiyangzhang/SecurityTestWS/vulApp/controllers/account/login.js": {"path":"/Users/weiyangzhang/SecurityTestWS/vulApp/controllers/account/login.js","statementMap":{"0":{"start":{"line":1,"column":15},"end":{"line":1,"column":43}},"1":{"start":{"line":3,"column":13},"end":{"line":20,"column":1}},"2":{"start":{"line":4,"column":2},"end":{"line":4,"column":53}},"3":{"start":{"line":5,"column":33},"end":{"line":5,"column":41}},"4":{"start":{"line":7,"column":2},"end":{"line":7,"column":81}},"5":{"start":{"line":9,"column":2},"end":{"line":12,"column":4}},"6":{"start":{"line":14,"column":2},"end":{"line":14,"column":57}},"7":{"start":{"line":16,"column":2},"end":{"line":19,"column":5}},"8":{"start":{"line":22,"column":0},"end":{"line":24,"column":2}}},"fnMap":{"0":{"name":"(anonymous_0)","decl":{"start":{"line":3,"column":13},"end":{"line":3,"column":14}},"loc":{"start":{"line":3,"column":27},"end":{"line":20,"column":1}},"line":3}},"branchMap":{},"s":{"0":1,"1":1,"2":0,"3":0,"4":0,"5":0,"6":0,"7":0,"8":1},"f":{"0":0},"b":{},"_coverageSchema":"1a1c01bbd47fc00a2c39e90264f33305004495a9","hash":"1ef551ad3d4d81565628652778666c42ab933c6b"}
,"/Users/weiyangzhang/SecurityTestWS/vulApp/controllers/account/profile.js": {"path":"/Users/weiyangzhang/SecurityTestWS/vulApp/controllers/account/profile.js","statementMap":{"0":{"start":{"line":1,"column":12},"end":{"line":3,"column":1}},"1":{"start":{"line":2,"column":4},"end":{"line":2,"column":67}},"2":{"start":{"line":5,"column":13},"end":{"line":7,"column":1}},"3":{"start":{"line":6,"column":2},"end":{"line":6,"column":67}},"4":{"start":{"line":9,"column":0},"end":{"line":12,"column":2}}},"fnMap":{"0":{"name":"(anonymous_0)","decl":{"start":{"line":1,"column":12},"end":{"line":1,"column":13}},"loc":{"start":{"line":1,"column":26},"end":{"line":3,"column":1}},"line":1},"1":{"name":"(anonymous_1)","decl":{"start":{"line":5,"column":13},"end":{"line":5,"column":14}},"loc":{"start":{"line":5,"column":27},"end":{"line":7,"column":1}},"line":5}},"branchMap":{},"s":{"0":1,"1":0,"2":1,"3":0,"4":1},"f":{"0":0,"1":0},"b":{},"_coverageSchema":"1a1c01bbd47fc00a2c39e90264f33305004495a9","hash":"ce4bc45e2093cd72dcdd652339643453922da680"}
,"/Users/weiyangzhang/SecurityTestWS/vulApp/controllers/account/update.js": {"path":"/Users/weiyangzhang/SecurityTestWS/vulApp/controllers/account/update.js","statementMap":{"0":{"start":{"line":1,"column":12},"end":{"line":3,"column":1}},"1":{"start":{"line":2,"column":2},"end":{"line":2,"column":39}},"2":{"start":{"line":5,"column":13},"end":{"line":7,"column":1}},"3":{"start":{"line":6,"column":2},"end":{"line":6,"column":42}},"4":{"start":{"line":9,"column":0},"end":{"line":12,"column":2}}},"fnMap":{"0":{"name":"(anonymous_0)","decl":{"start":{"line":1,"column":12},"end":{"line":1,"column":13}},"loc":{"start":{"line":1,"column":26},"end":{"line":3,"column":1}},"line":1},"1":{"name":"(anonymous_1)","decl":{"start":{"line":5,"column":13},"end":{"line":5,"column":14}},"loc":{"start":{"line":5,"column":27},"end":{"line":7,"column":1}},"line":5}},"branchMap":{},"s":{"0":1,"1":0,"2":1,"3":0,"4":1},"f":{"0":0,"1":0},"b":{},"_coverageSchema":"1a1c01bbd47fc00a2c39e90264f33305004495a9","hash":"241900b2e4b0e9543f54ea1cfc553b19e8d38a55"}
,"/Users/weiyangzhang/SecurityTestWS/vulApp/libs/dbClient.js": {"path":"/Users/weiyangzhang/SecurityTestWS/vulApp/libs/dbClient.js","statementMap":{"0":{"start":{"line":2,"column":0},"end":{"line":2,"column":27}},"1":{"start":{"line":4,"column":15},"end":{"line":4,"column":34}},"2":{"start":{"line":5,"column":11},"end":{"line":5,"column":24}},"3":{"start":{"line":6,"column":18},"end":{"line":6,"column":20}},"4":{"start":{"line":11,"column":0},"end":{"line":11,"column":46}},"5":{"start":{"line":11,"column":31},"end":{"line":11,"column":44}},"6":{"start":{"line":14,"column":14},"end":{"line":14,"column":16}},"7":{"start":{"line":17,"column":0},"end":{"line":17,"column":28}},"8":{"start":{"line":27,"column":15},"end":{"line":27,"column":63}},"9":{"start":{"line":29,"column":2},"end":{"line":34,"column":4}},"10":{"start":{"line":31,"column":24},"end":{"line":33,"column":5}},"11":{"start":{"line":45,"column":15},"end":{"line":45,"column":49}},"12":{"start":{"line":47,"column":2},"end":{"line":47,"column":76}},"13":{"start":{"line":47,"column":26},"end":{"line":47,"column":74}},"14":{"start":{"line":49,"column":2},"end":{"line":49,"column":14}},"15":{"start":{"line":60,"column":15},"end":{"line":60,"column":32}},"16":{"start":{"line":67,"column":4},"end":{"line":83,"column":7}},"17":{"start":{"line":68,"column":6},"end":{"line":71,"column":7}},"18":{"start":{"line":69,"column":8},"end":{"line":69,"column":69}},"19":{"start":{"line":70,"column":8},"end":{"line":70,"column":29}},"20":{"start":{"line":73,"column":6},"end":{"line":82,"column":9}},"21":{"start":{"line":74,"column":8},"end":{"line":74,"column":15}},"22":{"start":{"line":76,"column":8},"end":{"line":79,"column":9}},"23":{"start":{"line":77,"column":10},"end":{"line":77,"column":91}},"24":{"start":{"line":78,"column":10},"end":{"line":78,"column":31}},"25":{"start":{"line":81,"column":8},"end":{"line":81,"column":39}},"26":{"start":{"line":86,"column":2},"end":{"line":119,"column":4}},"27":{"start":{"line":94,"column":6},"end":{"line":96,"column":8}},"28":{"start":{"line":95,"column":8},"end":{"line":95,"column":58}},"29":{"start":{"line":104,"column":6},"end":{"line":108,"column":9}},"30":{"start":{"line":105,"column":8},"end":{"line":105,"column":41}},"31":{"start":{"line":105,"column":19},"end":{"line":105,"column":40}},"32":{"start":{"line":106,"column":8},"end":{"line":106,"column":70}},"33":{"start":{"line":106,"column":41},"end":{"line":106,"column":69}},"34":{"start":{"line":107,"column":8},"end":{"line":107,"column":47}},"35":{"start":{"line":115,"column":6},"end":{"line":117,"column":8}},"36":{"start":{"line":116,"column":8},"end":{"line":116,"column":62}},"37":{"start":{"line":132,"column":0},"end":{"line":140,"column":2}},"38":{"start":{"line":133,"column":14},"end":{"line":133,"column":38}},"39":{"start":{"line":135,"column":2},"end":{"line":137,"column":3}},"40":{"start":{"line":136,"column":4},"end":{"line":136,"column":40}},"41":{"start":{"line":139,"column":2},"end":{"line":139,"column":29}},"42":{"start":{"line":149,"column":0},"end":{"line":153,"column":2}},"43":{"start":{"line":150,"column":2},"end":{"line":152,"column":3}},"44":{"start":{"line":151,"column":4},"end":{"line":151,"column":21}}},"fnMap":{"0":{"name":"(anonymous_0)","decl":{"start":{"line":11,"column":26},"end":{"line":11,"column":27}},"loc":{"start":{"line":11,"column":31},"end":{"line":11,"column":44}},"line":11},"1":{"name":"getConfig","decl":{"start":{"line":26,"column":9},"end":{"line":26,"column":18}},"loc":{"start":{"line":26,"column":38},"end":{"line":35,"column":1}},"line":26},"2":{"name":"(anonymous_2)","decl":{"start":{"line":31,"column":16},"end":{"line":31,"column":17}},"loc":{"start":{"line":31,"column":24},"end":{"line":33,"column":5}},"line":31},"3":{"name":"createPool","decl":{"start":{"line":44,"column":9},"end":{"line":44,"column":19}},"loc":{"start":{"line":44,"column":32},"end":{"line":50,"column":1}},"line":44},"4":{"name":"(anonymous_4)","decl":{"start":{"line":47,"column":19},"end":{"line":47,"column":20}},"loc":{"start":{"line":47,"column":26},"end":{"line":47,"column":74}},"line":47},"5":{"name":"createDbClient","decl":{"start":{"line":59,"column":9},"end":{"line":59,"column":23}},"loc":{"start":{"line":59,"column":36},"end":{"line":120,"column":1}},"line":59},"6":{"name":"runQuery","decl":{"start":{"line":66,"column":11},"end":{"line":66,"column":19}},"loc":{"start":{"line":66,"column":43},"end":{"line":84,"column":3}},"line":66},"7":{"name":"(anonymous_7)","decl":{"start":{"line":67,"column":17},"end":{"line":67,"column":18}},"loc":{"start":{"line":67,"column":40},"end":{"line":83,"column":5}},"line":67},"8":{"name":"(anonymous_8)","decl":{"start":{"line":73,"column":32},"end":{"line":73,"column":33}},"loc":{"start":{"line":73,"column":50},"end":{"line":82,"column":7}},"line":73},"9":{"name":"(anonymous_9)","decl":{"start":{"line":93,"column":4},"end":{"line":93,"column":5}},"loc":{"start":{"line":93,"column":40},"end":{"line":97,"column":5}},"line":93},"10":{"name":"(anonymous_10)","decl":{"start":{"line":94,"column":28},"end":{"line":94,"column":29}},"loc":{"start":{"line":95,"column":8},"end":{"line":95,"column":58}},"line":95},"11":{"name":"(anonymous_11)","decl":{"start":{"line":103,"column":4},"end":{"line":103,"column":5}},"loc":{"start":{"line":103,"column":37},"end":{"line":109,"column":5}},"line":103},"12":{"name":"(anonymous_12)","decl":{"start":{"line":104,"column":28},"end":{"line":104,"column":29}},"loc":{"start":{"line":104,"column":46},"end":{"line":108,"column":7}},"line":104},"13":{"name":"(anonymous_13)","decl":{"start":{"line":114,"column":4},"end":{"line":114,"column":5}},"loc":{"start":{"line":114,"column":36},"end":{"line":118,"column":5}},"line":114},"14":{"name":"(anonymous_14)","decl":{"start":{"line":115,"column":28},"end":{"line":115,"column":29}},"loc":{"start":{"line":116,"column":8},"end":{"line":116,"column":62}},"line":116},"15":{"name":"(anonymous_15)","decl":{"start":{"line":132,"column":17},"end":{"line":132,"column":18}},"loc":{"start":{"line":132,"column":46},"end":{"line":140,"column":1}},"line":132},"16":{"name":"(anonymous_16)","decl":{"start":{"line":149,"column":23},"end":{"line":149,"column":24}},"loc":{"start":{"line":149,"column":29},"end":{"line":153,"column":1}},"line":149}},"branchMap":{"0":{"loc":{"start":{"line":26,"column":19},"end":{"line":26,"column":36}},"type":"default-arg","locations":[{"start":{"line":26,"column":32},"end":{"line":26,"column":36}}],"line":26},"1":{"loc":{"start":{"line":68,"column":6},"end":{"line":71,"column":7}},"type":"if","locations":[{"start":{"line":68,"column":6},"end":{"line":71,"column":7}},{"start":{},"end":{}}],"line":68},"2":{"loc":{"start":{"line":76,"column":8},"end":{"line":79,"column":9}},"type":"if","locations":[{"start":{"line":76,"column":8},"end":{"line":79,"column":9}},{"start":{},"end":{}}],"line":76},"3":{"loc":{"start":{"line":95,"column":8},"end":{"line":95,"column":58}},"type":"cond-expr","locations":[{"start":{"line":95,"column":14},"end":{"line":95,"column":27}},{"start":{"line":95,"column":30},"end":{"line":95,"column":58}}],"line":95},"4":{"loc":{"start":{"line":105,"column":8},"end":{"line":105,"column":41}},"type":"if","locations":[{"start":{"line":105,"column":8},"end":{"line":105,"column":41}},{"start":{},"end":{}}],"line":105},"5":{"loc":{"start":{"line":106,"column":8},"end":{"line":106,"column":70}},"type":"if","locations":[{"start":{"line":106,"column":8},"end":{"line":106,"column":70}},{"start":{},"end":{}}],"line":106},"6":{"loc":{"start":{"line":116,"column":8},"end":{"line":116,"column":62}},"type":"cond-expr","locations":[{"start":{"line":116,"column":14},"end":{"line":116,"column":27}},{"start":{"line":116,"column":30},"end":{"line":116,"column":62}}],"line":116},"7":{"loc":{"start":{"line":132,"column":27},"end":{"line":132,"column":44}},"type":"default-arg","locations":[{"start":{"line":132,"column":40},"end":{"line":132,"column":44}}],"line":132},"8":{"loc":{"start":{"line":135,"column":2},"end":{"line":137,"column":3}},"type":"if","locations":[{"start":{"line":135,"column":2},"end":{"line":137,"column":3}},{"start":{},"end":{}}],"line":135}},"s":{"0":1,"1":1,"2":1,"3":1,"4":1,"5":0,"6":1,"7":1,"8":2,"9":2,"10":10,"11":2,"12":2,"13":0,"14":2,"15":1,"16":1,"17":1,"18":0,"19":0,"20":1,"21":1,"22":1,"23":0,"24":0,"25":1,"26":1,"27":0,"28":0,"29":0,"30":0,"31":0,"32":0,"33":0,"34":0,"35":1,"36":1,"37":1,"38":1,"39":1,"40":1,"41":1,"42":1,"43":1,"44":2},"f":{"0":0,"1":2,"2":10,"3":2,"4":0,"5":1,"6":1,"7":1,"8":1,"9":0,"10":0,"11":0,"12":0,"13":1,"14":1,"15":1,"16":1},"b":{"0":[0],"1":[0,1],"2":[0,1],"3":[0,0],"4":[0,0],"5":[0,0],"6":[0,1],"7":[0],"8":[1,0]},"_coverageSchema":"1a1c01bbd47fc00a2c39e90264f33305004495a9","hash":"11c0e49aa22d2f29a928c60e7316d26be5b5074a"}
,"/Users/weiyangzhang/SecurityTestWS/vulApp/libs/logger.js": {"path":"/Users/weiyangzhang/SecurityTestWS/vulApp/libs/logger.js","statementMap":{"0":{"start":{"line":1,"column":13},"end":{"line":1,"column":28}},"1":{"start":{"line":2,"column":12},"end":{"line":2,"column":66}},"2":{"start":{"line":4,"column":18},"end":{"line":28,"column":2}},"3":{"start":{"line":30,"column":15},"end":{"line":35,"column":1}},"4":{"start":{"line":37,"column":0},"end":{"line":37,"column":24}}},"fnMap":{},"branchMap":{},"s":{"0":2,"1":2,"2":2,"3":2,"4":2},"f":{},"b":{},"_coverageSchema":"1a1c01bbd47fc00a2c39e90264f33305004495a9","hash":"b30e6432ca9265cddc0606997404d7136e975717"}
,"/Users/weiyangzhang/SecurityTestWS/vulApp/middleware/404.js": {"path":"/Users/weiyangzhang/SecurityTestWS/vulApp/middleware/404.js","statementMap":{"0":{"start":{"line":2,"column":15},"end":{"line":2,"column":40}},"1":{"start":{"line":5,"column":2},"end":{"line":5,"column":52}},"2":{"start":{"line":7,"column":2},"end":{"line":9,"column":5}},"3":{"start":{"line":12,"column":0},"end":{"line":12,"column":33}}},"fnMap":{"0":{"name":"notFoundHandler","decl":{"start":{"line":4,"column":9},"end":{"line":4,"column":24}},"loc":{"start":{"line":4,"column":42},"end":{"line":10,"column":1}},"line":4}},"branchMap":{},"s":{"0":1,"1":0,"2":0,"3":1},"f":{"0":0},"b":{},"_coverageSchema":"1a1c01bbd47fc00a2c39e90264f33305004495a9","hash":"b8f0b5dddae70a5ebdec5f2b048fde4cc93f2ea1"}
,"/Users/weiyangzhang/SecurityTestWS/vulApp/middleware/auth.js": {"path":"/Users/weiyangzhang/SecurityTestWS/vulApp/middleware/auth.js","statementMap":{"0":{"start":{"line":1,"column":0},"end":{"line":7,"column":2}},"1":{"start":{"line":2,"column":2},"end":{"line":4,"column":3}},"2":{"start":{"line":3,"column":4},"end":{"line":3,"column":18}},"3":{"start":{"line":6,"column":2},"end":{"line":6,"column":65}}},"fnMap":{"0":{"name":"(anonymous_0)","decl":{"start":{"line":1,"column":17},"end":{"line":1,"column":18}},"loc":{"start":{"line":1,"column":37},"end":{"line":7,"column":1}},"line":1}},"branchMap":{"0":{"loc":{"start":{"line":2,"column":2},"end":{"line":4,"column":3}},"type":"if","locations":[{"start":{"line":2,"column":2},"end":{"line":4,"column":3}},{"start":{},"end":{}}],"line":2},"1":{"loc":{"start":{"line":2,"column":6},"end":{"line":2,"column":37}},"type":"binary-expr","locations":[{"start":{"line":2,"column":6},"end":{"line":2,"column":17}},{"start":{"line":2,"column":21},"end":{"line":2,"column":37}}],"line":2}},"s":{"0":1,"1":0,"2":0,"3":0},"f":{"0":0},"b":{"0":[0,0],"1":[0,0]},"_coverageSchema":"1a1c01bbd47fc00a2c39e90264f33305004495a9","hash":"c6c423fe7b45e92b1507306ecfd0bde4a7d17383"}
,"/Users/weiyangzhang/SecurityTestWS/vulApp/middleware/error.js": {"path":"/Users/weiyangzhang/SecurityTestWS/vulApp/middleware/error.js","statementMap":{"0":{"start":{"line":3,"column":2},"end":{"line":3,"column":54}},"1":{"start":{"line":5,"column":2},"end":{"line":9,"column":5}},"2":{"start":{"line":12,"column":0},"end":{"line":12,"column":30}}},"fnMap":{"0":{"name":"errorHandler","decl":{"start":{"line":2,"column":9},"end":{"line":2,"column":21}},"loc":{"start":{"line":2,"column":44},"end":{"line":10,"column":1}},"line":2}},"branchMap":{"0":{"loc":{"start":{"line":3,"column":36},"end":{"line":3,"column":52}},"type":"binary-expr","locations":[{"start":{"line":3,"column":36},"end":{"line":3,"column":45}},{"start":{"line":3,"column":49},"end":{"line":3,"column":52}}],"line":3},"1":{"loc":{"start":{"line":5,"column":13},"end":{"line":5,"column":30}},"type":"binary-expr","locations":[{"start":{"line":5,"column":13},"end":{"line":5,"column":23}},{"start":{"line":5,"column":27},"end":{"line":5,"column":30}}],"line":5},"2":{"loc":{"start":{"line":7,"column":15},"end":{"line":7,"column":53}},"type":"binary-expr","locations":[{"start":{"line":7,"column":15},"end":{"line":7,"column":26}},{"start":{"line":7,"column":30},"end":{"line":7,"column":53}}],"line":7}},"s":{"0":0,"1":0,"2":1},"f":{"0":0},"b":{"0":[0,0],"1":[0,0],"2":[0,0]},"_coverageSchema":"1a1c01bbd47fc00a2c39e90264f33305004495a9","hash":"6f11e19de05d90da11ee347370928eb2df22a8a7"}
}
