{"/Users/weiyangzhang/SecurityTestWS/vulApp/app.js": {"path":"/Users/weiyangzhang/SecurityTestWS/vulApp/app.js","statementMap":{"0":{"start":{"line":1,"column":0},"end":{"line":1,"column":27}},"1":{"start":{"line":2,"column":16},"end":{"line":2,"column":34}},"2":{"start":{"line":3,"column":12},"end":{"line":3,"column":37}},"3":{"start":{"line":4,"column":12},"end":{"line":4,"column":21}},"4":{"start":{"line":5,"column":13},"end":{"line":5,"column":28}},"5":{"start":{"line":6,"column":15},"end":{"line":6,"column":40}},"6":{"start":{"line":7,"column":23},"end":{"line":7,"column":52}},"7":{"start":{"line":8,"column":27},"end":{"line":8,"column":54}},"8":{"start":{"line":9,"column":25},"end":{"line":9,"column":55}},"9":{"start":{"line":10,"column":25},"end":{"line":10,"column":56}},"10":{"start":{"line":11,"column":15},"end":{"line":11,"column":39}},"11":{"start":{"line":12,"column":23},"end":{"line":12,"column":56}},"12":{"start":{"line":13,"column":13},"end":{"line":13,"column":37}},"13":{"start":{"line":15,"column":0},"end":{"line":15,"column":30}},"14":{"start":{"line":16,"column":0},"end":{"line":16,"column":53}},"15":{"start":{"line":18,"column":16},"end":{"line":18,"column":42}},"16":{"start":{"line":19,"column":0},"end":{"line":24,"column":4}},"17":{"start":{"line":26,"column":0},"end":{"line":26,"column":48}},"18":{"start":{"line":27,"column":0},"end":{"line":27,"column":24}},"19":{"start":{"line":28,"column":0},"end":{"line":28,"column":30}},"20":{"start":{"line":29,"column":0},"end":{"line":29,"column":50}},"21":{"start":{"line":31,"column":23},"end":{"line":31,"column":53}},"22":{"start":{"line":32,"column":0},"end":{"line":32,"column":24}},"23":{"start":{"line":33,"column":0},"end":{"line":33,"column":28}},"24":{"start":{"line":36,"column":0},"end":{"line":36,"column":56}},"25":{"start":{"line":38,"column":0},"end":{"line":38,"column":26}},"26":{"start":{"line":40,"column":0},"end":{"line":40,"column":26}},"27":{"start":{"line":42,"column":0},"end":{"line":42,"column":28}},"28":{"start":{"line":44,"column":0},"end":{"line":44,"column":28}},"29":{"start":{"line":46,"column":0},"end":{"line":46,"column":24}},"30":{"start":{"line":50,"column":0},"end":{"line":54,"column":1}},"31":{"start":{"line":51,"column":2},"end":{"line":53,"column":5}},"32":{"start":{"line":52,"column":4},"end":{"line":52,"column":68}},"33":{"start":{"line":56,"column":0},"end":{"line":56,"column":21}}},"fnMap":{"0":{"name":"(anonymous_0)","decl":{"start":{"line":51,"column":19},"end":{"line":51,"column":20}},"loc":{"start":{"line":51,"column":25},"end":{"line":53,"column":3}},"line":51}},"branchMap":{"0":{"loc":{"start":{"line":13,"column":13},"end":{"line":13,"column":37}},"type":"binary-expr","locations":[{"start":{"line":13,"column":13},"end":{"line":13,"column":29}},{"start":{"line":13,"column":33},"end":{"line":13,"column":37}}],"line":13},"1":{"loc":{"start":{"line":16,"column":21},"end":{"line":16,"column":52}},"type":"binary-expr","locations":[{"start":{"line":16,"column":21},"end":{"line":16,"column":41}},{"start":{"line":16,"column":45},"end":{"line":16,"column":52}}],"line":16},"2":{"loc":{"start":{"line":50,"column":0},"end":{"line":54,"column":1}},"type":"if","locations":[{"start":{"line":50,"column":0},"end":{"line":54,"column":1}},{"start":{},"end":{}}],"line":50}},"s":{"0":1,"1":1,"2":1,"3":1,"4":1,"5":1,"6":1,"7":1,"8":1,"9":1,"10":1,"11":1,"12":1,"13":1,"14":1,"15":1,"16":1,"17":1,"18":1,"19":1,"20":1,"21":1,"22":1,"23":1,"24":1,"25":1,"26":1,"27":1,"28":1,"29":1,"30":1,"31":0,"32":0,"33":1},"f":{"0":0},"b":{"0":[1,0],"1":[1,0],"2":[0,1]},"_coverageSchema":"1a1c01bbd47fc00a2c39e90264f33305004495a9","hash":"afae6f6c5e6e0d46948520049e5683dca4ce05b5"}
,"/Users/weiyangzhang/SecurityTestWS/vulApp/controllers/index.js": {"path":"/Users/weiyangzhang/SecurityTestWS/vulApp/controllers/index.js","statementMap":{"0":{"start":{"line":1,"column":21},"end":{"line":1,"column":47}},"1":{"start":{"line":3,"column":12},"end":{"line":5,"column":1}},"2":{"start":{"line":4,"column":2},"end":{"line":4,"column":29}},"3":{"start":{"line":7,"column":0},"end":{"line":7,"column":25}}},"fnMap":{"0":{"name":"(anonymous_0)","decl":{"start":{"line":3,"column":12},"end":{"line":3,"column":13}},"loc":{"start":{"line":3,"column":26},"end":{"line":5,"column":1}},"line":3}},"branchMap":{},"s":{"0":1,"1":1,"2":1,"3":1},"f":{"0":1},"b":{},"_coverageSchema":"1a1c01bbd47fc00a2c39e90264f33305004495a9","hash":"4f123c66ce66e7c0af463a3f7a727e502598a873"}
,"/Users/weiyangzhang/SecurityTestWS/vulApp/controllers/account/index.js": {"path":"/Users/weiyangzhang/SecurityTestWS/vulApp/controllers/account/index.js","statementMap":{"0":{"start":{"line":1,"column":12},"end":{"line":5,"column":1}},"1":{"start":{"line":2,"column":2},"end":{"line":4,"column":5}},"2":{"start":{"line":7,"column":0},"end":{"line":9,"column":2}}},"fnMap":{"0":{"name":"(anonymous_0)","decl":{"start":{"line":1,"column":12},"end":{"line":1,"column":13}},"loc":{"start":{"line":1,"column":26},"end":{"line":5,"column":1}},"line":1}},"branchMap":{},"s":{"0":1,"1":1,"2":1},"f":{"0":1},"b":{},"_coverageSchema":"1a1c01bbd47fc00a2c39e90264f33305004495a9","hash":"26c101140d057c2a298fe9bffa3fdd6bf0ca5c5c"}
,"/Users/weiyangzhang/SecurityTestWS/vulApp/controllers/account/login.js": {"path":"/Users/weiyangzhang/SecurityTestWS/vulApp/controllers/account/login.js","statementMap":{"0":{"start":{"line":1,"column":15},"end":{"line":1,"column":43}},"1":{"start":{"line":2,"column":29},"end":{"line":2,"column":60}},"2":{"start":{"line":3,"column":15},"end":{"line":3,"column":32}},"3":{"start":{"line":5,"column":13},"end":{"line":25,"column":1}},"4":{"start":{"line":6,"column":33},"end":{"line":6,"column":41}},"5":{"start":{"line":8,"column":25},"end":{"line":9,"column":42}},"6":{"start":{"line":12,"column":2},"end":{"line":23,"column":5}},"7":{"start":{"line":13,"column":4},"end":{"line":17,"column":5}},"8":{"start":{"line":14,"column":6},"end":{"line":16,"column":9}},"9":{"start":{"line":18,"column":4},"end":{"line":18,"column":59}},"10":{"start":{"line":20,"column":19},"end":{"line":20,"column":20}},"11":{"start":{"line":21,"column":4},"end":{"line":21,"column":44}},"12":{"start":{"line":22,"column":4},"end":{"line":22,"column":28}},"13":{"start":{"line":27,"column":0},"end":{"line":27,"column":26}}},"fnMap":{"0":{"name":"(anonymous_0)","decl":{"start":{"line":5,"column":13},"end":{"line":5,"column":14}},"loc":{"start":{"line":5,"column":27},"end":{"line":25,"column":1}},"line":5},"1":{"name":"(anonymous_1)","decl":{"start":{"line":12,"column":45},"end":{"line":12,"column":46}},"loc":{"start":{"line":12,"column":60},"end":{"line":23,"column":3}},"line":12}},"branchMap":{"0":{"loc":{"start":{"line":13,"column":4},"end":{"line":17,"column":5}},"type":"if","locations":[{"start":{"line":13,"column":4},"end":{"line":17,"column":5}},{"start":{},"end":{}}],"line":13}},"s":{"0":1,"1":1,"2":1,"3":1,"4":0,"5":0,"6":0,"7":0,"8":0,"9":0,"10":0,"11":0,"12":0,"13":1},"f":{"0":0,"1":0},"b":{"0":[0,0]},"_coverageSchema":"1a1c01bbd47fc00a2c39e90264f33305004495a9","hash":"2276668127e363c7189251e6bd8a4b7e4049f8de"}
,"/Users/weiyangzhang/SecurityTestWS/vulApp/controllers/account/logout.js": {"path":"/Users/weiyangzhang/SecurityTestWS/vulApp/controllers/account/logout.js","statementMap":{"0":{"start":{"line":6,"column":12},"end":{"line":9,"column":1}},"1":{"start":{"line":7,"column":2},"end":{"line":7,"column":24}},"2":{"start":{"line":8,"column":2},"end":{"line":8,"column":20}},"3":{"start":{"line":11,"column":0},"end":{"line":13,"column":2}}},"fnMap":{"0":{"name":"(anonymous_0)","decl":{"start":{"line":6,"column":12},"end":{"line":6,"column":13}},"loc":{"start":{"line":6,"column":26},"end":{"line":9,"column":1}},"line":6}},"branchMap":{},"s":{"0":1,"1":0,"2":0,"3":1},"f":{"0":0},"b":{},"_coverageSchema":"1a1c01bbd47fc00a2c39e90264f33305004495a9","hash":"5202d78b982e8c3ad662107f9835cce4ab1799ab"}
,"/Users/weiyangzhang/SecurityTestWS/vulApp/controllers/account/profile.js": {"path":"/Users/weiyangzhang/SecurityTestWS/vulApp/controllers/account/profile.js","statementMap":{"0":{"start":{"line":1,"column":12},"end":{"line":3,"column":1}},"1":{"start":{"line":2,"column":4},"end":{"line":2,"column":67}},"2":{"start":{"line":5,"column":13},"end":{"line":7,"column":1}},"3":{"start":{"line":6,"column":2},"end":{"line":6,"column":67}},"4":{"start":{"line":9,"column":0},"end":{"line":12,"column":2}}},"fnMap":{"0":{"name":"(anonymous_0)","decl":{"start":{"line":1,"column":12},"end":{"line":1,"column":13}},"loc":{"start":{"line":1,"column":26},"end":{"line":3,"column":1}},"line":1},"1":{"name":"(anonymous_1)","decl":{"start":{"line":5,"column":13},"end":{"line":5,"column":14}},"loc":{"start":{"line":5,"column":27},"end":{"line":7,"column":1}},"line":5}},"branchMap":{},"s":{"0":1,"1":0,"2":1,"3":0,"4":1},"f":{"0":0,"1":0},"b":{},"_coverageSchema":"1a1c01bbd47fc00a2c39e90264f33305004495a9","hash":"ce4bc45e2093cd72dcdd652339643453922da680"}
,"/Users/weiyangzhang/SecurityTestWS/vulApp/controllers/account/update.js": {"path":"/Users/weiyangzhang/SecurityTestWS/vulApp/controllers/account/update.js","statementMap":{"0":{"start":{"line":1,"column":12},"end":{"line":3,"column":1}},"1":{"start":{"line":2,"column":2},"end":{"line":2,"column":39}},"2":{"start":{"line":5,"column":13},"end":{"line":7,"column":1}},"3":{"start":{"line":6,"column":2},"end":{"line":6,"column":42}},"4":{"start":{"line":9,"column":0},"end":{"line":12,"column":2}}},"fnMap":{"0":{"name":"(anonymous_0)","decl":{"start":{"line":1,"column":12},"end":{"line":1,"column":13}},"loc":{"start":{"line":1,"column":26},"end":{"line":3,"column":1}},"line":1},"1":{"name":"(anonymous_1)","decl":{"start":{"line":5,"column":13},"end":{"line":5,"column":14}},"loc":{"start":{"line":5,"column":27},"end":{"line":7,"column":1}},"line":5}},"branchMap":{},"s":{"0":1,"1":0,"2":1,"3":0,"4":1},"f":{"0":0,"1":0},"b":{},"_coverageSchema":"1a1c01bbd47fc00a2c39e90264f33305004495a9","hash":"241900b2e4b0e9543f54ea1cfc553b19e8d38a55"}
,"/Users/weiyangzhang/SecurityTestWS/vulApp/controllers/quotes/index.js": {"path":"/Users/weiyangzhang/SecurityTestWS/vulApp/controllers/quotes/index.js","statementMap":{"0":{"start":{"line":1,"column":57},"end":{"line":1,"column":87}},"1":{"start":{"line":3,"column":23},"end":{"line":3,"column":25}},"2":{"start":{"line":4,"column":14},"end":{"line":4,"column":16}},"3":{"start":{"line":6,"column":12},"end":{"line":27,"column":1}},"4":{"start":{"line":8,"column":17},"end":{"line":8,"column":40}},"5":{"start":{"line":9,"column":22},"end":{"line":9,"column":55}},"6":{"start":{"line":10,"column":17},"end":{"line":10,"column":42}},"7":{"start":{"line":13,"column":2},"end":{"line":15,"column":3}},"8":{"start":{"line":14,"column":4},"end":{"line":14,"column":65}},"9":{"start":{"line":16,"column":21},"end":{"line":16,"column":64}},"10":{"start":{"line":17,"column":17},"end":{"line":17,"column":69}},"11":{"start":{"line":19,"column":2},"end":{"line":26,"column":5}},"12":{"start":{"line":29,"column":0},"end":{"line":29,"column":25}}},"fnMap":{"0":{"name":"(anonymous_0)","decl":{"start":{"line":6,"column":12},"end":{"line":6,"column":13}},"loc":{"start":{"line":6,"column":32},"end":{"line":27,"column":1}},"line":6}},"branchMap":{"0":{"loc":{"start":{"line":9,"column":22},"end":{"line":9,"column":55}},"type":"binary-expr","locations":[{"start":{"line":9,"column":22},"end":{"line":9,"column":50}},{"start":{"line":9,"column":54},"end":{"line":9,"column":55}}],"line":9},"1":{"loc":{"start":{"line":13,"column":2},"end":{"line":15,"column":3}},"type":"if","locations":[{"start":{"line":13,"column":2},"end":{"line":15,"column":3}},{"start":{},"end":{}}],"line":13}},"s":{"0":1,"1":1,"2":1,"3":1,"4":0,"5":0,"6":0,"7":0,"8":0,"9":0,"10":0,"11":0,"12":1},"f":{"0":0},"b":{"0":[0,0],"1":[0,0]},"_coverageSchema":"1a1c01bbd47fc00a2c39e90264f33305004495a9","hash":"6ba52a6e6b72b1473db0c7ede6ca10732e591eb3"}
,"/Users/weiyangzhang/SecurityTestWS/vulApp/libs/dbClient.js": {"path":"/Users/weiyangzhang/SecurityTestWS/vulApp/libs/dbClient.js","statementMap":{"0":{"start":{"line":2,"column":0},"end":{"line":2,"column":27}},"1":{"start":{"line":4,"column":15},"end":{"line":4,"column":34}},"2":{"start":{"line":5,"column":11},"end":{"line":5,"column":24}},"3":{"start":{"line":6,"column":18},"end":{"line":6,"column":20}},"4":{"start":{"line":11,"column":0},"end":{"line":11,"column":46}},"5":{"start":{"line":11,"column":31},"end":{"line":11,"column":44}},"6":{"start":{"line":14,"column":14},"end":{"line":14,"column":16}},"7":{"start":{"line":17,"column":0},"end":{"line":17,"column":28}},"8":{"start":{"line":27,"column":15},"end":{"line":27,"column":63}},"9":{"start":{"line":29,"column":2},"end":{"line":34,"column":4}},"10":{"start":{"line":31,"column":24},"end":{"line":33,"column":5}},"11":{"start":{"line":45,"column":15},"end":{"line":45,"column":49}},"12":{"start":{"line":47,"column":2},"end":{"line":47,"column":76}},"13":{"start":{"line":47,"column":26},"end":{"line":47,"column":74}},"14":{"start":{"line":49,"column":2},"end":{"line":49,"column":14}},"15":{"start":{"line":60,"column":15},"end":{"line":60,"column":32}},"16":{"start":{"line":67,"column":4},"end":{"line":83,"column":7}},"17":{"start":{"line":68,"column":6},"end":{"line":71,"column":7}},"18":{"start":{"line":69,"column":8},"end":{"line":69,"column":88}},"19":{"start":{"line":70,"column":8},"end":{"line":70,"column":29}},"20":{"start":{"line":73,"column":6},"end":{"line":82,"column":9}},"21":{"start":{"line":74,"column":8},"end":{"line":74,"column":15}},"22":{"start":{"line":76,"column":8},"end":{"line":79,"column":9}},"23":{"start":{"line":77,"column":10},"end":{"line":77,"column":91}},"24":{"start":{"line":78,"column":10},"end":{"line":78,"column":31}},"25":{"start":{"line":81,"column":8},"end":{"line":81,"column":39}},"26":{"start":{"line":86,"column":2},"end":{"line":216,"column":4}},"27":{"start":{"line":94,"column":6},"end":{"line":96,"column":8}},"28":{"start":{"line":95,"column":8},"end":{"line":95,"column":58}},"29":{"start":{"line":106,"column":6},"end":{"line":110,"column":9}},"30":{"start":{"line":107,"column":8},"end":{"line":109,"column":10}},"31":{"start":{"line":108,"column":10},"end":{"line":108,"column":51}},"32":{"start":{"line":118,"column":6},"end":{"line":122,"column":9}},"33":{"start":{"line":119,"column":8},"end":{"line":119,"column":42}},"34":{"start":{"line":119,"column":19},"end":{"line":119,"column":40}},"35":{"start":{"line":120,"column":8},"end":{"line":120,"column":71}},"36":{"start":{"line":120,"column":41},"end":{"line":120,"column":69}},"37":{"start":{"line":121,"column":8},"end":{"line":121,"column":47}},"38":{"start":{"line":126,"column":6},"end":{"line":132,"column":9}},"39":{"start":{"line":127,"column":8},"end":{"line":131,"column":11}},"40":{"start":{"line":128,"column":10},"end":{"line":128,"column":42}},"41":{"start":{"line":128,"column":21},"end":{"line":128,"column":40}},"42":{"start":{"line":129,"column":10},"end":{"line":129,"column":66}},"43":{"start":{"line":129,"column":43},"end":{"line":129,"column":64}},"44":{"start":{"line":130,"column":10},"end":{"line":130,"column":42}},"45":{"start":{"line":139,"column":6},"end":{"line":141,"column":8}},"46":{"start":{"line":140,"column":8},"end":{"line":140,"column":62}},"47":{"start":{"line":145,"column":6},"end":{"line":150,"column":9}},"48":{"start":{"line":146,"column":8},"end":{"line":149,"column":11}},"49":{"start":{"line":147,"column":10},"end":{"line":147,"column":42}},"50":{"start":{"line":147,"column":21},"end":{"line":147,"column":40}},"51":{"start":{"line":148,"column":10},"end":{"line":148,"column":43}},"52":{"start":{"line":160,"column":19},"end":{"line":160,"column":36}},"53":{"start":{"line":161,"column":21},"end":{"line":161,"column":40}},"54":{"start":{"line":162,"column":27},"end":{"line":162,"column":62}},"55":{"start":{"line":162,"column":48},"end":{"line":162,"column":61}},"56":{"start":{"line":164,"column":18},"end":{"line":164,"column":109}},"57":{"start":{"line":166,"column":6},"end":{"line":168,"column":8}},"58":{"start":{"line":167,"column":8},"end":{"line":167,"column":61}},"59":{"start":{"line":172,"column":19},"end":{"line":172,"column":36}},"60":{"start":{"line":173,"column":21},"end":{"line":173,"column":40}},"61":{"start":{"line":174,"column":27},"end":{"line":174,"column":62}},"62":{"start":{"line":174,"column":48},"end":{"line":174,"column":61}},"63":{"start":{"line":176,"column":18},"end":{"line":176,"column":109}},"64":{"start":{"line":178,"column":6},"end":{"line":178,"column":71}},"65":{"start":{"line":178,"column":62},"end":{"line":178,"column":69}},"66":{"start":{"line":189,"column":22},"end":{"line":189,"column":39}},"67":{"start":{"line":190,"column":24},"end":{"line":190,"column":42}},"68":{"start":{"line":192,"column":24},"end":{"line":192,"column":80}},"69":{"start":{"line":192,"column":48},"end":{"line":192,"column":68}},"70":{"start":{"line":193,"column":26},"end":{"line":193,"column":104}},"71":{"start":{"line":193,"column":52},"end":{"line":193,"column":89}},"72":{"start":{"line":194,"column":21},"end":{"line":194,"column":70}},"73":{"start":{"line":196,"column":18},"end":{"line":196,"column":73}},"74":{"start":{"line":198,"column":6},"end":{"line":200,"column":8}},"75":{"start":{"line":199,"column":8},"end":{"line":199,"column":62}},"76":{"start":{"line":204,"column":22},"end":{"line":204,"column":39}},"77":{"start":{"line":205,"column":24},"end":{"line":205,"column":42}},"78":{"start":{"line":207,"column":24},"end":{"line":207,"column":80}},"79":{"start":{"line":207,"column":48},"end":{"line":207,"column":68}},"80":{"start":{"line":208,"column":26},"end":{"line":208,"column":104}},"81":{"start":{"line":208,"column":52},"end":{"line":208,"column":89}},"82":{"start":{"line":209,"column":21},"end":{"line":209,"column":70}},"83":{"start":{"line":211,"column":18},"end":{"line":211,"column":73}},"84":{"start":{"line":213,"column":6},"end":{"line":213,"column":45}},"85":{"start":{"line":229,"column":0},"end":{"line":237,"column":2}},"86":{"start":{"line":230,"column":14},"end":{"line":230,"column":38}},"87":{"start":{"line":232,"column":2},"end":{"line":234,"column":3}},"88":{"start":{"line":233,"column":4},"end":{"line":233,"column":40}},"89":{"start":{"line":236,"column":2},"end":{"line":236,"column":29}},"90":{"start":{"line":246,"column":0},"end":{"line":250,"column":2}},"91":{"start":{"line":247,"column":2},"end":{"line":249,"column":3}},"92":{"start":{"line":248,"column":4},"end":{"line":248,"column":21}}},"fnMap":{"0":{"name":"(anonymous_0)","decl":{"start":{"line":11,"column":26},"end":{"line":11,"column":27}},"loc":{"start":{"line":11,"column":31},"end":{"line":11,"column":44}},"line":11},"1":{"name":"getConfig","decl":{"start":{"line":26,"column":9},"end":{"line":26,"column":18}},"loc":{"start":{"line":26,"column":38},"end":{"line":35,"column":1}},"line":26},"2":{"name":"(anonymous_2)","decl":{"start":{"line":31,"column":16},"end":{"line":31,"column":17}},"loc":{"start":{"line":31,"column":24},"end":{"line":33,"column":5}},"line":31},"3":{"name":"createPool","decl":{"start":{"line":44,"column":9},"end":{"line":44,"column":19}},"loc":{"start":{"line":44,"column":32},"end":{"line":50,"column":1}},"line":44},"4":{"name":"(anonymous_4)","decl":{"start":{"line":47,"column":19},"end":{"line":47,"column":20}},"loc":{"start":{"line":47,"column":26},"end":{"line":47,"column":74}},"line":47},"5":{"name":"createDbClient","decl":{"start":{"line":59,"column":9},"end":{"line":59,"column":23}},"loc":{"start":{"line":59,"column":36},"end":{"line":217,"column":1}},"line":59},"6":{"name":"runQuery","decl":{"start":{"line":66,"column":11},"end":{"line":66,"column":19}},"loc":{"start":{"line":66,"column":43},"end":{"line":84,"column":3}},"line":66},"7":{"name":"(anonymous_7)","decl":{"start":{"line":67,"column":17},"end":{"line":67,"column":18}},"loc":{"start":{"line":67,"column":40},"end":{"line":83,"column":5}},"line":67},"8":{"name":"(anonymous_8)","decl":{"start":{"line":73,"column":32},"end":{"line":73,"column":33}},"loc":{"start":{"line":73,"column":50},"end":{"line":82,"column":7}},"line":73},"9":{"name":"(anonymous_9)","decl":{"start":{"line":93,"column":4},"end":{"line":93,"column":5}},"loc":{"start":{"line":93,"column":40},"end":{"line":97,"column":5}},"line":93},"10":{"name":"(anonymous_10)","decl":{"start":{"line":94,"column":28},"end":{"line":94,"column":29}},"loc":{"start":{"line":95,"column":8},"end":{"line":95,"column":58}},"line":95},"11":{"name":"(anonymous_11)","decl":{"start":{"line":105,"column":4},"end":{"line":105,"column":5}},"loc":{"start":{"line":105,"column":35},"end":{"line":111,"column":5}},"line":105},"12":{"name":"(anonymous_12)","decl":{"start":{"line":106,"column":25},"end":{"line":106,"column":26}},"loc":{"start":{"line":106,"column":46},"end":{"line":110,"column":7}},"line":106},"13":{"name":"(anonymous_13)","decl":{"start":{"line":107,"column":30},"end":{"line":107,"column":31}},"loc":{"start":{"line":108,"column":10},"end":{"line":108,"column":51}},"line":108},"14":{"name":"(anonymous_14)","decl":{"start":{"line":117,"column":4},"end":{"line":117,"column":5}},"loc":{"start":{"line":117,"column":37},"end":{"line":123,"column":5}},"line":117},"15":{"name":"(anonymous_15)","decl":{"start":{"line":118,"column":28},"end":{"line":118,"column":29}},"loc":{"start":{"line":118,"column":46},"end":{"line":122,"column":7}},"line":118},"16":{"name":"(anonymous_16)","decl":{"start":{"line":125,"column":4},"end":{"line":125,"column":5}},"loc":{"start":{"line":125,"column":32},"end":{"line":133,"column":5}},"line":125},"17":{"name":"(anonymous_17)","decl":{"start":{"line":126,"column":25},"end":{"line":126,"column":26}},"loc":{"start":{"line":126,"column":46},"end":{"line":132,"column":7}},"line":126},"18":{"name":"(anonymous_18)","decl":{"start":{"line":127,"column":30},"end":{"line":127,"column":31}},"loc":{"start":{"line":127,"column":48},"end":{"line":131,"column":9}},"line":127},"19":{"name":"(anonymous_19)","decl":{"start":{"line":138,"column":4},"end":{"line":138,"column":5}},"loc":{"start":{"line":138,"column":36},"end":{"line":142,"column":5}},"line":138},"20":{"name":"(anonymous_20)","decl":{"start":{"line":139,"column":28},"end":{"line":139,"column":29}},"loc":{"start":{"line":140,"column":8},"end":{"line":140,"column":62}},"line":140},"21":{"name":"(anonymous_21)","decl":{"start":{"line":144,"column":4},"end":{"line":144,"column":5}},"loc":{"start":{"line":144,"column":31},"end":{"line":151,"column":5}},"line":144},"22":{"name":"(anonymous_22)","decl":{"start":{"line":145,"column":25},"end":{"line":145,"column":26}},"loc":{"start":{"line":145,"column":46},"end":{"line":150,"column":7}},"line":145},"23":{"name":"(anonymous_23)","decl":{"start":{"line":146,"column":30},"end":{"line":146,"column":31}},"loc":{"start":{"line":146,"column":48},"end":{"line":149,"column":9}},"line":146},"24":{"name":"(anonymous_24)","decl":{"start":{"line":159,"column":4},"end":{"line":159,"column":5}},"loc":{"start":{"line":159,"column":34},"end":{"line":169,"column":5}},"line":159},"25":{"name":"(anonymous_25)","decl":{"start":{"line":162,"column":36},"end":{"line":162,"column":37}},"loc":{"start":{"line":162,"column":48},"end":{"line":162,"column":61}},"line":162},"26":{"name":"(anonymous_26)","decl":{"start":{"line":166,"column":28},"end":{"line":166,"column":29}},"loc":{"start":{"line":167,"column":8},"end":{"line":167,"column":61}},"line":167},"27":{"name":"(anonymous_27)","decl":{"start":{"line":171,"column":4},"end":{"line":171,"column":5}},"loc":{"start":{"line":171,"column":29},"end":{"line":179,"column":5}},"line":171},"28":{"name":"(anonymous_28)","decl":{"start":{"line":174,"column":36},"end":{"line":174,"column":37}},"loc":{"start":{"line":174,"column":48},"end":{"line":174,"column":61}},"line":174},"29":{"name":"(anonymous_29)","decl":{"start":{"line":178,"column":54},"end":{"line":178,"column":55}},"loc":{"start":{"line":178,"column":62},"end":{"line":178,"column":69}},"line":178},"30":{"name":"(anonymous_30)","decl":{"start":{"line":188,"column":4},"end":{"line":188,"column":5}},"loc":{"start":{"line":188,"column":41},"end":{"line":201,"column":5}},"line":188},"31":{"name":"(anonymous_31)","decl":{"start":{"line":192,"column":36},"end":{"line":192,"column":37}},"loc":{"start":{"line":192,"column":48},"end":{"line":192,"column":68}},"line":192},"32":{"name":"(anonymous_32)","decl":{"start":{"line":193,"column":40},"end":{"line":193,"column":41}},"loc":{"start":{"line":193,"column":52},"end":{"line":193,"column":89}},"line":193},"33":{"name":"(anonymous_33)","decl":{"start":{"line":198,"column":28},"end":{"line":198,"column":29}},"loc":{"start":{"line":199,"column":8},"end":{"line":199,"column":62}},"line":199},"34":{"name":"(anonymous_34)","decl":{"start":{"line":203,"column":4},"end":{"line":203,"column":5}},"loc":{"start":{"line":203,"column":36},"end":{"line":214,"column":5}},"line":203},"35":{"name":"(anonymous_35)","decl":{"start":{"line":207,"column":36},"end":{"line":207,"column":37}},"loc":{"start":{"line":207,"column":48},"end":{"line":207,"column":68}},"line":207},"36":{"name":"(anonymous_36)","decl":{"start":{"line":208,"column":40},"end":{"line":208,"column":41}},"loc":{"start":{"line":208,"column":52},"end":{"line":208,"column":89}},"line":208},"37":{"name":"(anonymous_37)","decl":{"start":{"line":229,"column":17},"end":{"line":229,"column":18}},"loc":{"start":{"line":229,"column":46},"end":{"line":237,"column":1}},"line":229},"38":{"name":"(anonymous_38)","decl":{"start":{"line":246,"column":23},"end":{"line":246,"column":24}},"loc":{"start":{"line":246,"column":29},"end":{"line":250,"column":1}},"line":246}},"branchMap":{"0":{"loc":{"start":{"line":26,"column":19},"end":{"line":26,"column":36}},"type":"default-arg","locations":[{"start":{"line":26,"column":32},"end":{"line":26,"column":36}}],"line":26},"1":{"loc":{"start":{"line":68,"column":6},"end":{"line":71,"column":7}},"type":"if","locations":[{"start":{"line":68,"column":6},"end":{"line":71,"column":7}},{"start":{},"end":{}}],"line":68},"2":{"loc":{"start":{"line":76,"column":8},"end":{"line":79,"column":9}},"type":"if","locations":[{"start":{"line":76,"column":8},"end":{"line":79,"column":9}},{"start":{},"end":{}}],"line":76},"3":{"loc":{"start":{"line":95,"column":8},"end":{"line":95,"column":58}},"type":"cond-expr","locations":[{"start":{"line":95,"column":14},"end":{"line":95,"column":27}},{"start":{"line":95,"column":30},"end":{"line":95,"column":58}}],"line":95},"4":{"loc":{"start":{"line":108,"column":10},"end":{"line":108,"column":51}},"type":"cond-expr","locations":[{"start":{"line":108,"column":16},"end":{"line":108,"column":27}},{"start":{"line":108,"column":30},"end":{"line":108,"column":51}}],"line":108},"5":{"loc":{"start":{"line":119,"column":8},"end":{"line":119,"column":42}},"type":"if","locations":[{"start":{"line":119,"column":8},"end":{"line":119,"column":42}},{"start":{},"end":{}}],"line":119},"6":{"loc":{"start":{"line":120,"column":8},"end":{"line":120,"column":71}},"type":"if","locations":[{"start":{"line":120,"column":8},"end":{"line":120,"column":71}},{"start":{},"end":{}}],"line":120},"7":{"loc":{"start":{"line":128,"column":10},"end":{"line":128,"column":42}},"type":"if","locations":[{"start":{"line":128,"column":10},"end":{"line":128,"column":42}},{"start":{},"end":{}}],"line":128},"8":{"loc":{"start":{"line":129,"column":10},"end":{"line":129,"column":66}},"type":"if","locations":[{"start":{"line":129,"column":10},"end":{"line":129,"column":66}},{"start":{},"end":{}}],"line":129},"9":{"loc":{"start":{"line":140,"column":8},"end":{"line":140,"column":62}},"type":"cond-expr","locations":[{"start":{"line":140,"column":14},"end":{"line":140,"column":27}},{"start":{"line":140,"column":30},"end":{"line":140,"column":62}}],"line":140},"10":{"loc":{"start":{"line":147,"column":10},"end":{"line":147,"column":42}},"type":"if","locations":[{"start":{"line":147,"column":10},"end":{"line":147,"column":42}},{"start":{},"end":{}}],"line":147},"11":{"loc":{"start":{"line":167,"column":8},"end":{"line":167,"column":61}},"type":"cond-expr","locations":[{"start":{"line":167,"column":14},"end":{"line":167,"column":27}},{"start":{"line":167,"column":30},"end":{"line":167,"column":61}}],"line":167},"12":{"loc":{"start":{"line":199,"column":8},"end":{"line":199,"column":62}},"type":"cond-expr","locations":[{"start":{"line":199,"column":14},"end":{"line":199,"column":27}},{"start":{"line":199,"column":30},"end":{"line":199,"column":62}}],"line":199},"13":{"loc":{"start":{"line":229,"column":27},"end":{"line":229,"column":44}},"type":"default-arg","locations":[{"start":{"line":229,"column":40},"end":{"line":229,"column":44}}],"line":229},"14":{"loc":{"start":{"line":232,"column":2},"end":{"line":234,"column":3}},"type":"if","locations":[{"start":{"line":232,"column":2},"end":{"line":234,"column":3}},{"start":{},"end":{}}],"line":232}},"s":{"0":2,"1":2,"2":2,"3":2,"4":2,"5":0,"6":2,"7":2,"8":4,"9":4,"10":20,"11":4,"12":4,"13":0,"14":4,"15":3,"16":2,"17":1,"18":0,"19":0,"20":1,"21":1,"22":1,"23":0,"24":0,"25":1,"26":3,"27":1,"28":0,"29":0,"30":0,"31":0,"32":0,"33":0,"34":0,"35":0,"36":0,"37":0,"38":0,"39":0,"40":0,"41":0,"42":0,"43":0,"44":0,"45":1,"46":1,"47":0,"48":0,"49":0,"50":0,"51":0,"52":0,"53":0,"54":0,"55":0,"56":0,"57":0,"58":0,"59":0,"60":0,"61":0,"62":0,"63":0,"64":0,"65":0,"66":0,"67":0,"68":0,"69":0,"70":0,"71":0,"72":0,"73":0,"74":0,"75":0,"76":0,"77":0,"78":0,"79":0,"80":0,"81":0,"82":0,"83":0,"84":0,"85":2,"86":3,"87":3,"88":2,"89":3,"90":2,"91":1,"92":2},"f":{"0":0,"1":4,"2":20,"3":4,"4":0,"5":3,"6":2,"7":1,"8":1,"9":1,"10":0,"11":0,"12":0,"13":0,"14":0,"15":0,"16":0,"17":0,"18":0,"19":1,"20":1,"21":0,"22":0,"23":0,"24":0,"25":0,"26":0,"27":0,"28":0,"29":0,"30":0,"31":0,"32":0,"33":0,"34":0,"35":0,"36":0,"37":3,"38":1},"b":{"0":[0],"1":[0,1],"2":[0,1],"3":[0,0],"4":[0,0],"5":[0,0],"6":[0,0],"7":[0,0],"8":[0,0],"9":[0,1],"10":[0,0],"11":[0,0],"12":[0,0],"13":[0],"14":[2,1]},"_coverageSchema":"1a1c01bbd47fc00a2c39e90264f33305004495a9","hash":"b4e5201150079be457c46fbb82d321216fec884b"}
,"/Users/weiyangzhang/SecurityTestWS/vulApp/libs/logger.js": {"path":"/Users/weiyangzhang/SecurityTestWS/vulApp/libs/logger.js","statementMap":{"0":{"start":{"line":1,"column":13},"end":{"line":1,"column":28}},"1":{"start":{"line":2,"column":12},"end":{"line":2,"column":66}},"2":{"start":{"line":4,"column":18},"end":{"line":28,"column":2}},"3":{"start":{"line":30,"column":15},"end":{"line":35,"column":1}},"4":{"start":{"line":37,"column":0},"end":{"line":37,"column":24}}},"fnMap":{},"branchMap":{},"s":{"0":2,"1":2,"2":2,"3":2,"4":2},"f":{},"b":{},"_coverageSchema":"1a1c01bbd47fc00a2c39e90264f33305004495a9","hash":"b30e6432ca9265cddc0606997404d7136e975717"}
,"/Users/weiyangzhang/SecurityTestWS/vulApp/middleware/404.js": {"path":"/Users/weiyangzhang/SecurityTestWS/vulApp/middleware/404.js","statementMap":{"0":{"start":{"line":2,"column":15},"end":{"line":2,"column":40}},"1":{"start":{"line":5,"column":2},"end":{"line":5,"column":52}},"2":{"start":{"line":7,"column":2},"end":{"line":9,"column":5}},"3":{"start":{"line":12,"column":0},"end":{"line":12,"column":33}}},"fnMap":{"0":{"name":"notFoundHandler","decl":{"start":{"line":4,"column":9},"end":{"line":4,"column":24}},"loc":{"start":{"line":4,"column":42},"end":{"line":10,"column":1}},"line":4}},"branchMap":{},"s":{"0":1,"1":0,"2":0,"3":1},"f":{"0":0},"b":{},"_coverageSchema":"1a1c01bbd47fc00a2c39e90264f33305004495a9","hash":"b8f0b5dddae70a5ebdec5f2b048fde4cc93f2ea1"}
,"/Users/weiyangzhang/SecurityTestWS/vulApp/middleware/auth.js": {"path":"/Users/weiyangzhang/SecurityTestWS/vulApp/middleware/auth.js","statementMap":{"0":{"start":{"line":1,"column":0},"end":{"line":8,"column":2}},"1":{"start":{"line":2,"column":2},"end":{"line":5,"column":3}},"2":{"start":{"line":4,"column":4},"end":{"line":4,"column":18}},"3":{"start":{"line":7,"column":2},"end":{"line":7,"column":20}}},"fnMap":{"0":{"name":"(anonymous_0)","decl":{"start":{"line":1,"column":17},"end":{"line":1,"column":18}},"loc":{"start":{"line":1,"column":37},"end":{"line":8,"column":1}},"line":1}},"branchMap":{"0":{"loc":{"start":{"line":2,"column":2},"end":{"line":5,"column":3}},"type":"if","locations":[{"start":{"line":2,"column":2},"end":{"line":5,"column":3}},{"start":{},"end":{}}],"line":2},"1":{"loc":{"start":{"line":2,"column":6},"end":{"line":2,"column":64}},"type":"binary-expr","locations":[{"start":{"line":2,"column":6},"end":{"line":2,"column":17}},{"start":{"line":2,"column":21},"end":{"line":2,"column":37}},{"start":{"line":2,"column":41},"end":{"line":2,"column":64}}],"line":2}},"s":{"0":1,"1":0,"2":0,"3":0},"f":{"0":0},"b":{"0":[0,0],"1":[0,0,0]},"_coverageSchema":"1a1c01bbd47fc00a2c39e90264f33305004495a9","hash":"3cd1095300d759e4dff40a811bb8c682cffa4024"}
,"/Users/weiyangzhang/SecurityTestWS/vulApp/middleware/error.js": {"path":"/Users/weiyangzhang/SecurityTestWS/vulApp/middleware/error.js","statementMap":{"0":{"start":{"line":1,"column":15},"end":{"line":1,"column":40}},"1":{"start":{"line":5,"column":2},"end":{"line":5,"column":53}},"2":{"start":{"line":7,"column":2},"end":{"line":11,"column":5}},"3":{"start":{"line":14,"column":0},"end":{"line":14,"column":30}}},"fnMap":{"0":{"name":"errorHandler","decl":{"start":{"line":4,"column":9},"end":{"line":4,"column":21}},"loc":{"start":{"line":4,"column":44},"end":{"line":12,"column":1}},"line":4}},"branchMap":{"0":{"loc":{"start":{"line":5,"column":35},"end":{"line":5,"column":51}},"type":"binary-expr","locations":[{"start":{"line":5,"column":35},"end":{"line":5,"column":44}},{"start":{"line":5,"column":48},"end":{"line":5,"column":51}}],"line":5},"1":{"loc":{"start":{"line":7,"column":13},"end":{"line":7,"column":30}},"type":"binary-expr","locations":[{"start":{"line":7,"column":13},"end":{"line":7,"column":23}},{"start":{"line":7,"column":27},"end":{"line":7,"column":30}}],"line":7},"2":{"loc":{"start":{"line":9,"column":15},"end":{"line":9,"column":53}},"type":"binary-expr","locations":[{"start":{"line":9,"column":15},"end":{"line":9,"column":26}},{"start":{"line":9,"column":30},"end":{"line":9,"column":53}}],"line":9}},"s":{"0":1,"1":0,"2":0,"3":1},"f":{"0":0},"b":{"0":[0,0],"1":[0,0],"2":[0,0]},"_coverageSchema":"1a1c01bbd47fc00a2c39e90264f33305004495a9","hash":"4890dc96658f652175745acbfafe99a2ef650905"}
,"/Users/weiyangzhang/SecurityTestWS/vulApp/middleware/locals.js": {"path":"/Users/weiyangzhang/SecurityTestWS/vulApp/middleware/locals.js","statementMap":{"0":{"start":{"line":1,"column":0},"end":{"line":4,"column":2}},"1":{"start":{"line":2,"column":2},"end":{"line":2,"column":23}},"2":{"start":{"line":3,"column":2},"end":{"line":3,"column":9}}},"fnMap":{"0":{"name":"(anonymous_0)","decl":{"start":{"line":1,"column":17},"end":{"line":1,"column":18}},"loc":{"start":{"line":1,"column":37},"end":{"line":4,"column":1}},"line":1}},"branchMap":{},"s":{"0":1,"1":1,"2":1},"f":{"0":1},"b":{},"_coverageSchema":"1a1c01bbd47fc00a2c39e90264f33305004495a9","hash":"e0f3a95ff8ba58b7c0bee1ddaed48614f65c0b70"}
,"/Users/weiyangzhang/SecurityTestWS/vulApp/middleware/logging.js": {"path":"/Users/weiyangzhang/SecurityTestWS/vulApp/middleware/logging.js","statementMap":{"0":{"start":{"line":1,"column":15},"end":{"line":1,"column":40}},"1":{"start":{"line":3,"column":0},"end":{"line":6,"column":2}},"2":{"start":{"line":4,"column":2},"end":{"line":4,"column":64}},"3":{"start":{"line":5,"column":2},"end":{"line":5,"column":9}}},"fnMap":{"0":{"name":"(anonymous_0)","decl":{"start":{"line":3,"column":17},"end":{"line":3,"column":18}},"loc":{"start":{"line":3,"column":37},"end":{"line":6,"column":1}},"line":3}},"branchMap":{},"s":{"0":1,"1":1,"2":1,"3":1},"f":{"0":1},"b":{},"_coverageSchema":"1a1c01bbd47fc00a2c39e90264f33305004495a9","hash":"d4871d88113ad6315fe482b34b76dc9f94cb82ae"}
,"/Users/weiyangzhang/SecurityTestWS/vulApp/models/account.js": {"path":"/Users/weiyangzhang/SecurityTestWS/vulApp/models/account.js","statementMap":{"0":{"start":{"line":1,"column":11},"end":{"line":1,"column":44}},"1":{"start":{"line":2,"column":25},"end":{"line":11,"column":1}},"2":{"start":{"line":3,"column":14},"end":{"line":3,"column":73}},"3":{"start":{"line":5,"column":2},"end":{"line":10,"column":5}},"4":{"start":{"line":6,"column":4},"end":{"line":8,"column":5}},"5":{"start":{"line":7,"column":6},"end":{"line":7,"column":27}},"6":{"start":{"line":9,"column":4},"end":{"line":9,"column":32}},"7":{"start":{"line":13,"column":0},"end":{"line":15,"column":2}}},"fnMap":{"0":{"name":"(anonymous_0)","decl":{"start":{"line":2,"column":25},"end":{"line":2,"column":26}},"loc":{"start":{"line":2,"column":53},"end":{"line":11,"column":1}},"line":2},"1":{"name":"(anonymous_1)","decl":{"start":{"line":5,"column":40},"end":{"line":5,"column":41}},"loc":{"start":{"line":5,"column":55},"end":{"line":10,"column":3}},"line":5}},"branchMap":{"0":{"loc":{"start":{"line":6,"column":4},"end":{"line":8,"column":5}},"type":"if","locations":[{"start":{"line":6,"column":4},"end":{"line":8,"column":5}},{"start":{},"end":{}}],"line":6}},"s":{"0":1,"1":1,"2":0,"3":0,"4":0,"5":0,"6":0,"7":1},"f":{"0":0,"1":0},"b":{"0":[0,0]},"_coverageSchema":"1a1c01bbd47fc00a2c39e90264f33305004495a9","hash":"19d6667e22374474a627ec568ed5e18f5d6829a9"}
,"/Users/weiyangzhang/SecurityTestWS/vulApp/models/quotes.js": {"path":"/Users/weiyangzhang/SecurityTestWS/vulApp/models/quotes.js","statementMap":{"0":{"start":{"line":1,"column":11},"end":{"line":1,"column":44}},"1":{"start":{"line":10,"column":32},"end":{"line":13,"column":1}},"2":{"start":{"line":11,"column":14},"end":{"line":11,"column":86}},"3":{"start":{"line":12,"column":2},"end":{"line":12,"column":60}},"4":{"start":{"line":20,"column":28},"end":{"line":24,"column":1}},"5":{"start":{"line":21,"column":14},"end":{"line":21,"column":62}},"6":{"start":{"line":22,"column":15},"end":{"line":22,"column":56}},"7":{"start":{"line":23,"column":2},"end":{"line":23,"column":33}},"8":{"start":{"line":27,"column":0},"end":{"line":30,"column":2}}},"fnMap":{"0":{"name":"(anonymous_0)","decl":{"start":{"line":10,"column":32},"end":{"line":10,"column":33}},"loc":{"start":{"line":10,"column":59},"end":{"line":13,"column":1}},"line":10},"1":{"name":"(anonymous_1)","decl":{"start":{"line":20,"column":28},"end":{"line":20,"column":29}},"loc":{"start":{"line":20,"column":46},"end":{"line":24,"column":1}},"line":20}},"branchMap":{},"s":{"0":1,"1":1,"2":0,"3":0,"4":1,"5":0,"6":0,"7":0,"8":1},"f":{"0":0,"1":0},"b":{},"_coverageSchema":"1a1c01bbd47fc00a2c39e90264f33305004495a9","hash":"1fe4068381acb0bdcc2f51d211039a1a26692fad"}
,"/Users/weiyangzhang/SecurityTestWS/vulApp/routes/basic.js": {"path":"/Users/weiyangzhang/SecurityTestWS/vulApp/routes/basic.js","statementMap":{"0":{"start":{"line":1,"column":0},"end":{"line":38,"column":2}}},"fnMap":{},"branchMap":{},"s":{"0":1},"f":{},"b":{},"_coverageSchema":"1a1c01bbd47fc00a2c39e90264f33305004495a9","hash":"edd2b4265e70823d506d0119cd1275dd7a16841a"}
,"/Users/weiyangzhang/SecurityTestWS/vulApp/utils/controllerResolver.js": {"path":"/Users/weiyangzhang/SecurityTestWS/vulApp/utils/controllerResolver.js","statementMap":{"0":{"start":{"line":1,"column":13},"end":{"line":1,"column":28}},"1":{"start":{"line":8,"column":16},"end":{"line":8,"column":52}},"2":{"start":{"line":9,"column":15},"end":{"line":13,"column":25}},"3":{"start":{"line":15,"column":14},"end":{"line":15,"column":62}},"4":{"start":{"line":16,"column":2},"end":{"line":16,"column":30}},"5":{"start":{"line":19,"column":0},"end":{"line":21,"column":2}}},"fnMap":{"0":{"name":"getControllerPath","decl":{"start":{"line":7,"column":9},"end":{"line":7,"column":26}},"loc":{"start":{"line":7,"column":38},"end":{"line":17,"column":1}},"line":7}},"branchMap":{"0":{"loc":{"start":{"line":9,"column":15},"end":{"line":13,"column":25}},"type":"cond-expr","locations":[{"start":{"line":10,"column":6},"end":{"line":10,"column":16}},{"start":{"line":11,"column":6},"end":{"line":13,"column":25}}],"line":9},"1":{"loc":{"start":{"line":11,"column":6},"end":{"line":13,"column":25}},"type":"cond-expr","locations":[{"start":{"line":12,"column":6},"end":{"line":12,"column":16}},{"start":{"line":13,"column":6},"end":{"line":13,"column":25}}],"line":11}},"s":{"0":1,"1":7,"2":7,"3":7,"4":7,"5":1},"f":{"0":7},"b":{"0":[1,6],"1":[2,4]},"_coverageSchema":"1a1c01bbd47fc00a2c39e90264f33305004495a9","hash":"bda81c15992215d7e5b368ad574e927082368bb1"}
,"/Users/weiyangzhang/SecurityTestWS/vulApp/utils/routesRegister.js": {"path":"/Users/weiyangzhang/SecurityTestWS/vulApp/utils/routesRegister.js","statementMap":{"0":{"start":{"line":2,"column":30},"end":{"line":2,"column":61}},"1":{"start":{"line":3,"column":23},"end":{"line":3,"column":52}},"2":{"start":{"line":4,"column":13},"end":{"line":4,"column":28}},"3":{"start":{"line":5,"column":11},"end":{"line":5,"column":24}},"4":{"start":{"line":6,"column":15},"end":{"line":6,"column":40}},"5":{"start":{"line":9,"column":23},"end":{"line":37,"column":1}},"6":{"start":{"line":11,"column":4},"end":{"line":36,"column":7}},"7":{"start":{"line":12,"column":27},"end":{"line":12,"column":47}},"8":{"start":{"line":14,"column":31},"end":{"line":14,"column":59}},"9":{"start":{"line":16,"column":8},"end":{"line":19,"column":9}},"10":{"start":{"line":17,"column":12},"end":{"line":17,"column":95}},"11":{"start":{"line":18,"column":12},"end":{"line":18,"column":19}},"12":{"start":{"line":21,"column":30},"end":{"line":21,"column":53}},"13":{"start":{"line":23,"column":24},"end":{"line":23,"column":49}},"14":{"start":{"line":25,"column":8},"end":{"line":28,"column":9}},"15":{"start":{"line":26,"column":12},"end":{"line":26,"column":91}},"16":{"start":{"line":27,"column":12},"end":{"line":27,"column":19}},"17":{"start":{"line":30,"column":28},"end":{"line":30,"column":80}},"18":{"start":{"line":32,"column":8},"end":{"line":32,"column":51}},"19":{"start":{"line":34,"column":24},"end":{"line":34,"column":93}},"20":{"start":{"line":35,"column":8},"end":{"line":35,"column":101}},"21":{"start":{"line":39,"column":0},"end":{"line":39,"column":32}}},"fnMap":{"0":{"name":"(anonymous_0)","decl":{"start":{"line":9,"column":23},"end":{"line":9,"column":24}},"loc":{"start":{"line":9,"column":40},"end":{"line":37,"column":1}},"line":9},"1":{"name":"(anonymous_1)","decl":{"start":{"line":11,"column":19},"end":{"line":11,"column":20}},"loc":{"start":{"line":11,"column":66},"end":{"line":36,"column":5}},"line":11}},"branchMap":{"0":{"loc":{"start":{"line":16,"column":8},"end":{"line":19,"column":9}},"type":"if","locations":[{"start":{"line":16,"column":8},"end":{"line":19,"column":9}},{"start":{},"end":{}}],"line":16},"1":{"loc":{"start":{"line":25,"column":8},"end":{"line":28,"column":9}},"type":"if","locations":[{"start":{"line":25,"column":8},"end":{"line":28,"column":9}},{"start":{},"end":{}}],"line":25},"2":{"loc":{"start":{"line":30,"column":28},"end":{"line":30,"column":80}},"type":"cond-expr","locations":[{"start":{"line":30,"column":43},"end":{"line":30,"column":68}},{"start":{"line":30,"column":71},"end":{"line":30,"column":80}}],"line":30}},"s":{"0":1,"1":1,"2":1,"3":1,"4":1,"5":1,"6":1,"7":7,"8":7,"9":7,"10":0,"11":0,"12":7,"13":7,"14":7,"15":0,"16":0,"17":7,"18":7,"19":7,"20":7,"21":1},"f":{"0":1,"1":7},"b":{"0":[0,7],"1":[0,7],"2":[1,6]},"_coverageSchema":"1a1c01bbd47fc00a2c39e90264f33305004495a9","hash":"9c22372559b834d7b0cba010a8e9a22342419dc9"}
}
