TN:
SF:app.js
FN:16,getControllerPath
FN:53,(anonymous_1)
FN:87,(anonymous_2)
FNF:3
FNH:2
FNDA:5,getControllerPath
FNDA:5,(anonymous_1)
FNDA:0,(anonymous_2)
DA:1,1
DA:3,1
DA:4,1
DA:5,1
DA:6,1
DA:7,1
DA:9,1
DA:10,1
DA:11,1
DA:12,1
DA:13,1
DA:17,5
DA:18,5
DA:24,5
DA:25,5
DA:28,1
DA:30,1
DA:31,1
DA:33,1
DA:34,1
DA:41,1
DA:42,1
DA:43,1
DA:44,1
DA:46,1
DA:47,1
DA:48,1
DA:50,1
DA:53,1
DA:54,5
DA:56,5
DA:58,5
DA:59,0
DA:60,0
DA:63,5
DA:65,5
DA:67,5
DA:68,0
DA:69,0
DA:72,5
DA:74,5
DA:76,5
DA:80,1
DA:82,1
DA:86,1
DA:87,0
DA:88,0
DA:92,1
LF:48
LH:42
BRDA:18,0,0,1
BRDA:18,0,1,4
BRDA:20,1,0,1
BRDA:20,1,1,3
BRDA:28,2,0,1
BRDA:28,2,1,0
BRDA:31,3,0,1
BRDA:31,3,1,0
BRDA:58,4,0,0
BRDA:58,4,1,5
BRDA:67,5,0,0
BRDA:67,5,1,5
BRDA:72,6,0,0
BRDA:72,6,1,5
BRDA:86,7,0,0
BRDA:86,7,1,1
BRF:16
BRH:10
end_of_record
TN:
SF:routes.js
FNF:0
FNH:0
DA:1,1
LF:1
LH:1
BRF:0
BRH:0
end_of_record
TN:
SF:controllers/index.js
FN:3,(anonymous_0)
FNF:1
FNH:1
FNDA:1,(anonymous_0)
DA:1,1
DA:3,1
DA:4,1
DA:7,1
LF:4
LH:4
BRF:0
BRH:0
end_of_record
TN:
SF:controllers/account/index.js
FN:1,(anonymous_0)
FN:9,(anonymous_1)
FNF:2
FNH:1
FNDA:1,(anonymous_0)
FNDA:0,(anonymous_1)
DA:1,1
DA:2,1
DA:9,1
DA:10,0
DA:13,1
LF:5
LH:4
BRF:0
BRH:0
end_of_record
TN:
SF:controllers/account/login.js
FN:3,(anonymous_0)
FNF:1
FNH:0
FNDA:0,(anonymous_0)
DA:1,1
DA:3,1
DA:4,0
DA:5,0
DA:7,0
DA:9,0
DA:14,0
DA:16,0
DA:22,1
LF:9
LH:3
BRF:0
BRH:0
end_of_record
TN:
SF:controllers/account/profile.js
FN:1,(anonymous_0)
FN:5,(anonymous_1)
FNF:2
FNH:0
FNDA:0,(anonymous_0)
FNDA:0,(anonymous_1)
DA:1,1
DA:2,0
DA:5,1
DA:6,0
DA:9,1
LF:5
LH:3
BRF:0
BRH:0
end_of_record
TN:
SF:controllers/account/update.js
FN:1,(anonymous_0)
FN:5,(anonymous_1)
FNF:2
FNH:0
FNDA:0,(anonymous_0)
FNDA:0,(anonymous_1)
DA:1,1
DA:2,0
DA:5,1
DA:6,0
DA:9,1
LF:5
LH:3
BRF:0
BRH:0
end_of_record
TN:
SF:libs/dbClient.js
FN:11,(anonymous_0)
FN:26,getConfig
FN:31,(anonymous_2)
FN:44,createPool
FN:47,(anonymous_4)
FN:59,createDbClient
FN:66,runQuery
FN:67,(anonymous_7)
FN:73,(anonymous_8)
FN:93,(anonymous_9)
FN:94,(anonymous_10)
FN:103,(anonymous_11)
FN:104,(anonymous_12)
FN:114,(anonymous_13)
FN:115,(anonymous_14)
FN:132,(anonymous_15)
FN:149,(anonymous_16)
FNF:17
FNH:11
FNDA:0,(anonymous_0)
FNDA:2,getConfig
FNDA:10,(anonymous_2)
FNDA:2,createPool
FNDA:0,(anonymous_4)
FNDA:1,createDbClient
FNDA:1,runQuery
FNDA:1,(anonymous_7)
FNDA:1,(anonymous_8)
FNDA:0,(anonymous_9)
FNDA:0,(anonymous_10)
FNDA:0,(anonymous_11)
FNDA:0,(anonymous_12)
FNDA:1,(anonymous_13)
FNDA:1,(anonymous_14)
FNDA:1,(anonymous_15)
FNDA:1,(anonymous_16)
DA:2,1
DA:4,1
DA:5,1
DA:6,1
DA:11,1
DA:14,1
DA:17,1
DA:27,2
DA:29,2
DA:31,10
DA:45,2
DA:47,2
DA:49,2
DA:60,1
DA:67,1
DA:68,1
DA:69,0
DA:70,0
DA:73,1
DA:74,1
DA:76,1
DA:77,0
DA:78,0
DA:81,1
DA:86,1
DA:94,0
DA:95,0
DA:104,0
DA:105,0
DA:106,0
DA:107,0
DA:115,1
DA:116,1
DA:132,1
DA:133,1
DA:135,1
DA:136,1
DA:139,1
DA:149,1
DA:150,1
DA:151,2
LF:41
LH:31
BRDA:26,0,0,0
BRDA:68,1,0,0
BRDA:68,1,1,1
BRDA:76,2,0,0
BRDA:76,2,1,1
BRDA:95,3,0,0
BRDA:95,3,1,0
BRDA:105,4,0,0
BRDA:105,4,1,0
BRDA:106,5,0,0
BRDA:106,5,1,0
BRDA:116,6,0,0
BRDA:116,6,1,1
BRDA:132,7,0,0
BRDA:135,8,0,1
BRDA:135,8,1,0
BRF:16
BRH:4
end_of_record
TN:
SF:libs/logger.js
FNF:0
FNH:0
DA:1,2
DA:2,2
DA:4,2
DA:30,2
DA:37,2
LF:5
LH:5
BRF:0
BRH:0
end_of_record
TN:
SF:middleware/404.js
FN:4,notFoundHandler
FNF:1
FNH:0
FNDA:0,notFoundHandler
DA:2,1
DA:5,0
DA:7,0
DA:12,1
LF:4
LH:2
BRF:0
BRH:0
end_of_record
TN:
SF:middleware/auth.js
FN:1,(anonymous_0)
FNF:1
FNH:0
FNDA:0,(anonymous_0)
DA:1,1
DA:2,0
DA:3,0
DA:6,0
LF:4
LH:1
BRDA:2,0,0,0
BRDA:2,0,1,0
BRDA:2,1,0,0
BRDA:2,1,1,0
BRF:4
BRH:0
end_of_record
TN:
SF:middleware/error.js
FN:2,errorHandler
FNF:1
FNH:0
FNDA:0,errorHandler
DA:3,0
DA:5,0
DA:12,1
LF:3
LH:1
BRDA:3,0,0,0
BRDA:3,0,1,0
BRDA:5,1,0,0
BRDA:5,1,1,0
BRDA:7,2,0,0
BRDA:7,2,1,0
BRF:6
BRH:0
end_of_record
