TN:
SF:app.js
FN:51,(anonymous_0)
FNF:1
FNH:0
FNDA:0,(anonymous_0)
DA:1,1
DA:2,1
DA:3,1
DA:4,1
DA:5,1
DA:6,1
DA:7,1
DA:8,1
DA:9,1
DA:10,1
DA:11,1
DA:12,1
DA:13,1
DA:15,1
DA:16,1
DA:18,1
DA:19,1
DA:26,1
DA:27,1
DA:28,1
DA:29,1
DA:31,1
DA:32,1
DA:33,1
DA:36,1
DA:38,1
DA:40,1
DA:42,1
DA:44,1
DA:46,1
DA:50,1
DA:51,0
DA:52,0
DA:56,1
LF:34
LH:32
BRDA:13,0,0,1
BRDA:13,0,1,0
BRDA:16,1,0,1
BRDA:16,1,1,0
BRDA:50,2,0,0
BRDA:50,2,1,1
BRF:6
BRH:3
end_of_record
TN:
SF:controllers/index.js
FN:3,(anonymous_0)
FNF:1
FNH:1
FNDA:1,(anonymous_0)
DA:1,1
DA:3,1
DA:4,1
DA:7,1
LF:4
LH:4
BRF:0
BRH:0
end_of_record
TN:
SF:controllers/account/index.js
FN:1,(anonymous_0)
FNF:1
FNH:1
FNDA:1,(anonymous_0)
DA:1,1
DA:2,1
DA:7,1
LF:3
LH:3
BRF:0
BRH:0
end_of_record
TN:
SF:controllers/account/login.js
FN:5,(anonymous_0)
FN:12,(anonymous_1)
FNF:2
FNH:0
FNDA:0,(anonymous_0)
FNDA:0,(anonymous_1)
DA:1,1
DA:2,1
DA:3,1
DA:5,1
DA:6,0
DA:8,0
DA:12,0
DA:13,0
DA:14,0
DA:18,0
DA:20,0
DA:21,0
DA:22,0
DA:27,1
LF:14
LH:5
BRDA:13,0,0,0
BRDA:13,0,1,0
BRF:2
BRH:0
end_of_record
TN:
SF:controllers/account/logout.js
FN:6,(anonymous_0)
FNF:1
FNH:0
FNDA:0,(anonymous_0)
DA:6,1
DA:7,0
DA:8,0
DA:11,1
LF:4
LH:2
BRF:0
BRH:0
end_of_record
TN:
SF:controllers/account/profile.js
FN:1,(anonymous_0)
FN:5,(anonymous_1)
FNF:2
FNH:0
FNDA:0,(anonymous_0)
FNDA:0,(anonymous_1)
DA:1,1
DA:2,0
DA:5,1
DA:6,0
DA:9,1
LF:5
LH:3
BRF:0
BRH:0
end_of_record
TN:
SF:controllers/account/update.js
FN:1,(anonymous_0)
FN:5,(anonymous_1)
FNF:2
FNH:0
FNDA:0,(anonymous_0)
FNDA:0,(anonymous_1)
DA:1,1
DA:2,0
DA:5,1
DA:6,0
DA:9,1
LF:5
LH:3
BRF:0
BRH:0
end_of_record
TN:
SF:controllers/quotes/index.js
FN:6,(anonymous_0)
FNF:1
FNH:0
FNDA:0,(anonymous_0)
DA:1,1
DA:3,1
DA:4,1
DA:6,1
DA:8,0
DA:9,0
DA:10,0
DA:13,0
DA:14,0
DA:16,0
DA:17,0
DA:19,0
DA:29,1
LF:13
LH:5
BRDA:9,0,0,0
BRDA:9,0,1,0
BRDA:13,1,0,0
BRDA:13,1,1,0
BRF:4
BRH:0
end_of_record
TN:
SF:libs/dbClient.js
FN:11,(anonymous_0)
FN:26,getConfig
FN:31,(anonymous_2)
FN:44,createPool
FN:47,(anonymous_4)
FN:59,createDbClient
FN:66,runQuery
FN:67,(anonymous_7)
FN:73,(anonymous_8)
FN:93,(anonymous_9)
FN:94,(anonymous_10)
FN:105,(anonymous_11)
FN:106,(anonymous_12)
FN:107,(anonymous_13)
FN:117,(anonymous_14)
FN:118,(anonymous_15)
FN:125,(anonymous_16)
FN:126,(anonymous_17)
FN:127,(anonymous_18)
FN:138,(anonymous_19)
FN:139,(anonymous_20)
FN:144,(anonymous_21)
FN:145,(anonymous_22)
FN:146,(anonymous_23)
FN:159,(anonymous_24)
FN:162,(anonymous_25)
FN:166,(anonymous_26)
FN:171,(anonymous_27)
FN:174,(anonymous_28)
FN:178,(anonymous_29)
FN:188,(anonymous_30)
FN:192,(anonymous_31)
FN:193,(anonymous_32)
FN:198,(anonymous_33)
FN:203,(anonymous_34)
FN:207,(anonymous_35)
FN:208,(anonymous_36)
FN:229,(anonymous_37)
FN:246,(anonymous_38)
FNF:39
FNH:12
FNDA:0,(anonymous_0)
FNDA:4,getConfig
FNDA:20,(anonymous_2)
FNDA:4,createPool
FNDA:0,(anonymous_4)
FNDA:3,createDbClient
FNDA:2,runQuery
FNDA:1,(anonymous_7)
FNDA:1,(anonymous_8)
FNDA:1,(anonymous_9)
FNDA:0,(anonymous_10)
FNDA:0,(anonymous_11)
FNDA:0,(anonymous_12)
FNDA:0,(anonymous_13)
FNDA:0,(anonymous_14)
FNDA:0,(anonymous_15)
FNDA:0,(anonymous_16)
FNDA:0,(anonymous_17)
FNDA:0,(anonymous_18)
FNDA:1,(anonymous_19)
FNDA:1,(anonymous_20)
FNDA:0,(anonymous_21)
FNDA:0,(anonymous_22)
FNDA:0,(anonymous_23)
FNDA:0,(anonymous_24)
FNDA:0,(anonymous_25)
FNDA:0,(anonymous_26)
FNDA:0,(anonymous_27)
FNDA:0,(anonymous_28)
FNDA:0,(anonymous_29)
FNDA:0,(anonymous_30)
FNDA:0,(anonymous_31)
FNDA:0,(anonymous_32)
FNDA:0,(anonymous_33)
FNDA:0,(anonymous_34)
FNDA:0,(anonymous_35)
FNDA:0,(anonymous_36)
FNDA:3,(anonymous_37)
FNDA:1,(anonymous_38)
DA:2,2
DA:4,2
DA:5,2
DA:6,2
DA:11,2
DA:14,2
DA:17,2
DA:27,4
DA:29,4
DA:31,20
DA:45,4
DA:47,4
DA:49,4
DA:60,3
DA:67,2
DA:68,1
DA:69,0
DA:70,0
DA:73,1
DA:74,1
DA:76,1
DA:77,0
DA:78,0
DA:81,1
DA:86,3
DA:94,1
DA:95,0
DA:106,0
DA:107,0
DA:108,0
DA:118,0
DA:119,0
DA:120,0
DA:121,0
DA:126,0
DA:127,0
DA:128,0
DA:129,0
DA:130,0
DA:139,1
DA:140,1
DA:145,0
DA:146,0
DA:147,0
DA:148,0
DA:160,0
DA:161,0
DA:162,0
DA:164,0
DA:166,0
DA:167,0
DA:172,0
DA:173,0
DA:174,0
DA:176,0
DA:178,0
DA:189,0
DA:190,0
DA:192,0
DA:193,0
DA:194,0
DA:196,0
DA:198,0
DA:199,0
DA:204,0
DA:205,0
DA:207,0
DA:208,0
DA:209,0
DA:211,0
DA:213,0
DA:229,2
DA:230,3
DA:232,3
DA:233,2
DA:236,3
DA:246,2
DA:247,1
DA:248,2
LF:79
LH:32
BRDA:26,0,0,0
BRDA:68,1,0,0
BRDA:68,1,1,1
BRDA:76,2,0,0
BRDA:76,2,1,1
BRDA:95,3,0,0
BRDA:95,3,1,0
BRDA:108,4,0,0
BRDA:108,4,1,0
BRDA:119,5,0,0
BRDA:119,5,1,0
BRDA:120,6,0,0
BRDA:120,6,1,0
BRDA:128,7,0,0
BRDA:128,7,1,0
BRDA:129,8,0,0
BRDA:129,8,1,0
BRDA:140,9,0,0
BRDA:140,9,1,1
BRDA:147,10,0,0
BRDA:147,10,1,0
BRDA:167,11,0,0
BRDA:167,11,1,0
BRDA:199,12,0,0
BRDA:199,12,1,0
BRDA:229,13,0,0
BRDA:232,14,0,2
BRDA:232,14,1,1
BRF:28
BRH:5
end_of_record
TN:
SF:libs/logger.js
FNF:0
FNH:0
DA:1,2
DA:2,2
DA:4,2
DA:30,2
DA:37,2
LF:5
LH:5
BRF:0
BRH:0
end_of_record
TN:
SF:middleware/404.js
FN:4,notFoundHandler
FNF:1
FNH:0
FNDA:0,notFoundHandler
DA:2,1
DA:5,0
DA:7,0
DA:12,1
LF:4
LH:2
BRF:0
BRH:0
end_of_record
TN:
SF:middleware/auth.js
FN:1,(anonymous_0)
FNF:1
FNH:0
FNDA:0,(anonymous_0)
DA:1,1
DA:2,0
DA:4,0
DA:7,0
LF:4
LH:1
BRDA:2,0,0,0
BRDA:2,0,1,0
BRDA:2,1,0,0
BRDA:2,1,1,0
BRDA:2,1,2,0
BRF:5
BRH:0
end_of_record
TN:
SF:middleware/error.js
FN:4,errorHandler
FNF:1
FNH:0
FNDA:0,errorHandler
DA:1,1
DA:5,0
DA:7,0
DA:14,1
LF:4
LH:2
BRDA:5,0,0,0
BRDA:5,0,1,0
BRDA:7,1,0,0
BRDA:7,1,1,0
BRDA:9,2,0,0
BRDA:9,2,1,0
BRF:6
BRH:0
end_of_record
TN:
SF:middleware/locals.js
FN:1,(anonymous_0)
FNF:1
FNH:1
FNDA:1,(anonymous_0)
DA:1,1
DA:2,1
DA:3,1
LF:3
LH:3
BRF:0
BRH:0
end_of_record
TN:
SF:middleware/logging.js
FN:3,(anonymous_0)
FNF:1
FNH:1
FNDA:1,(anonymous_0)
DA:1,1
DA:3,1
DA:4,1
DA:5,1
LF:4
LH:4
BRF:0
BRH:0
end_of_record
TN:
SF:models/account.js
FN:2,(anonymous_0)
FN:5,(anonymous_1)
FNF:2
FNH:0
FNDA:0,(anonymous_0)
FNDA:0,(anonymous_1)
DA:1,1
DA:2,1
DA:3,0
DA:5,0
DA:6,0
DA:7,0
DA:9,0
DA:13,1
LF:8
LH:3
BRDA:6,0,0,0
BRDA:6,0,1,0
BRF:2
BRH:0
end_of_record
TN:
SF:models/quotes.js
FN:10,(anonymous_0)
FN:20,(anonymous_1)
FNF:2
FNH:0
FNDA:0,(anonymous_0)
FNDA:0,(anonymous_1)
DA:1,1
DA:10,1
DA:11,0
DA:12,0
DA:20,1
DA:21,0
DA:22,0
DA:23,0
DA:27,1
LF:9
LH:4
BRF:0
BRH:0
end_of_record
TN:
SF:routes/basic.js
FNF:0
FNH:0
DA:1,1
LF:1
LH:1
BRF:0
BRH:0
end_of_record
TN:
SF:utils/controllerResolver.js
FN:7,getControllerPath
FNF:1
FNH:1
FNDA:7,getControllerPath
DA:1,1
DA:8,7
DA:9,7
DA:15,7
DA:16,7
DA:19,1
LF:6
LH:6
BRDA:9,0,0,1
BRDA:9,0,1,6
BRDA:11,1,0,2
BRDA:11,1,1,4
BRF:4
BRH:4
end_of_record
TN:
SF:utils/routesRegister.js
FN:9,(anonymous_0)
FN:11,(anonymous_1)
FNF:2
FNH:2
FNDA:1,(anonymous_0)
FNDA:7,(anonymous_1)
DA:2,1
DA:3,1
DA:4,1
DA:5,1
DA:6,1
DA:9,1
DA:11,1
DA:12,7
DA:14,7
DA:16,7
DA:17,0
DA:18,0
DA:21,7
DA:23,7
DA:25,7
DA:26,0
DA:27,0
DA:30,7
DA:32,7
DA:34,7
DA:35,7
DA:39,1
LF:22
LH:18
BRDA:16,0,0,0
BRDA:16,0,1,7
BRDA:25,1,0,0
BRDA:25,1,1,7
BRDA:30,2,0,1
BRDA:30,2,1,6
BRF:6
BRH:4
end_of_record
